Using pre-set license
Built from '2021.3/staging' branch; Version is '2021.3.4f1 (cb45f9cae8b7) revision 13321721'; Using compiler version '192829333'; Build Type 'Release'
OS: 'Windows 10  (10.0.19044) 64bit Core' Language: 'ja' Physical Memory: 7778 MB
BatchMode: 1, IsHumanControllingUs: 0, StartBugReporterOnCrash: 0, Is64bit: 1, IsPro: 1

COMMAND LINE ARGUMENTS:
C:\Program Files\Unity\Hub\Editor\2021.3.4f1\Editor\Unity.exe
-adb2
-batchMode
-noUpm
-name
AssetImportWorker2
-projectPath
C:/Users/satok/OneDrive/デスクトップ/デスクトップ/unity/shooting_game
-logFile
Logs/AssetImportWorker2.log
-srvPort
52647
Successfully changed project path to: C:/Users/satok/OneDrive/デスクトップ/デスクトップ/unity/shooting_game
C:/Users/satok/OneDrive/デスクトップ/デスクトップ/unity/shooting_game
[UnityMemory] Configuration Parameters - Can be set up in boot.config
    "memorysetup-bucket-allocator-granularity=16"
    "memorysetup-bucket-allocator-bucket-count=8"
    "memorysetup-bucket-allocator-block-size=33554432"
    "memorysetup-bucket-allocator-block-count=8"
    "memorysetup-main-allocator-block-size=16777216"
    "memorysetup-thread-allocator-block-size=16777216"
    "memorysetup-gfx-main-allocator-block-size=16777216"
    "memorysetup-gfx-thread-allocator-block-size=16777216"
    "memorysetup-cache-allocator-block-size=4194304"
    "memorysetup-typetree-allocator-block-size=2097152"
    "memorysetup-profiler-bucket-allocator-granularity=16"
    "memorysetup-profiler-bucket-allocator-bucket-count=8"
    "memorysetup-profiler-bucket-allocator-block-size=33554432"
    "memorysetup-profiler-bucket-allocator-block-count=8"
    "memorysetup-profiler-allocator-block-size=16777216"
    "memorysetup-profiler-editor-allocator-block-size=1048576"
    "memorysetup-temp-allocator-size-main=16777216"
    "memorysetup-job-temp-allocator-block-size=2097152"
    "memorysetup-job-temp-allocator-block-size-background=1048576"
    "memorysetup-job-temp-allocator-reduction-small-platforms=262144"
    "memorysetup-temp-allocator-size-background-worker=32768"
    "memorysetup-temp-allocator-size-job-worker=262144"
    "memorysetup-temp-allocator-size-preload-manager=33554432"
    "memorysetup-temp-allocator-size-nav-mesh-worker=65536"
    "memorysetup-temp-allocator-size-audio-worker=65536"
    "memorysetup-temp-allocator-size-cloud-worker=32768"
    "memorysetup-temp-allocator-size-gi-baking-worker=262144"
    "memorysetup-temp-allocator-size-gfx=262144"
Refreshing native plugins compatible for Editor in 161.99 ms, found 2 plugins.
Preloading 0 native plugins for Editor in 0.00 ms.
Initialize engine version: 2021.3.4f1 (cb45f9cae8b7)
[Subsystems] Discovering subsystems at path C:/Program Files/Unity/Hub/Editor/2021.3.4f1/Editor/Data/Resources/UnitySubsystems
[Subsystems] Discovering subsystems at path C:/Users/satok/OneDrive/デスクトップ/デスクトップ/unity/shooting_game/Assets
GfxDevice: creating device client; threaded=0; jobified=0
Direct3D:
    Version:  Direct3D 11.0 [level 11.1]
    Renderer: Intel(R) UHD Graphics (ID=0x8a56)
    Vendor:   Intel
    VRAM:     3889 MB
    Driver:   27.20.100.9621
Initialize mono
Mono path[0] = 'C:/Program Files/Unity/Hub/Editor/2021.3.4f1/Editor/Data/Managed'
Mono path[1] = 'C:/Program Files/Unity/Hub/Editor/2021.3.4f1/Editor/Data/MonoBleedingEdge/lib/mono/unityjit-win32'
Mono config path = 'C:/Program Files/Unity/Hub/Editor/2021.3.4f1/Editor/Data/MonoBleedingEdge/etc'
Using monoOptions --debugger-agent=transport=dt_socket,embedding=1,server=y,suspend=n,address=127.0.0.1:56824
Begin MonoManager ReloadAssembly
Registering precompiled unity dll's ...
Register platform support module: C:/Program Files/Unity/Hub/Editor/2021.3.4f1/Editor/Data/PlaybackEngines/WebGLSupport/UnityEditor.WebGL.Extensions.dll
Register platform support module: C:/Program Files/Unity/Hub/Editor/2021.3.4f1/Editor/Data/PlaybackEngines/WindowsStandaloneSupport/UnityEditor.WindowsStandalone.Extensions.dll
Registered in 0.041006 seconds.
Native extension for WindowsStandalone target not found
Native extension for WebGL target not found
Refreshing native plugins compatible for Editor in 174.66 ms, found 2 plugins.
Preloading 0 native plugins for Editor in 0.00 ms.
Mono: successfully reloaded assembly
- Completed reload, in  2.369 seconds
Domain Reload Profiling:
	ReloadAssembly (2371ms)
		BeginReloadAssembly (295ms)
			ExecutionOrderSort (0ms)
			DisableScriptedObjects (0ms)
			BackupInstance (0ms)
			ReleaseScriptingObjects (0ms)
			CreateAndSetChildDomain (2ms)
		EndReloadAssembly (1591ms)
			LoadAssemblies (287ms)
			RebuildTransferFunctionScriptingTraits (0ms)
			SetupTypeCache (385ms)
			ReleaseScriptCaches (0ms)
			RebuildScriptCaches (97ms)
			SetupLoadedEditorAssemblies (907ms)
				LogAssemblyErrors (0ms)
				InitializePlatformSupportModulesInManaged (41ms)
				SetLoadedEditorAssemblies (1ms)
				RefreshPlugins (175ms)
				BeforeProcessingInitializeOnLoad (6ms)
				ProcessInitializeOnLoadAttributes (484ms)
				ProcessInitializeOnLoadMethodAttributes (200ms)
				AfterProcessingInitializeOnLoad (0ms)
				EditorAssembliesLoaded (1ms)
			ExecutionOrderSort2 (0ms)
			AwakeInstancesAfterBackupRestoration (0ms)
Platform modules already initialized, skipping
Registering precompiled user dll's ...
Registered in 0.027505 seconds.
Begin MonoManager ReloadAssembly
Native extension for WindowsStandalone target not found
Native extension for WebGL target not found
Refreshing native plugins compatible for Editor in 1.70 ms, found 2 plugins.
Preloading 0 native plugins for Editor in 0.00 ms.
Mono: successfully reloaded assembly
- Completed reload, in  4.438 seconds
Domain Reload Profiling:
	ReloadAssembly (4442ms)
		BeginReloadAssembly (477ms)
			ExecutionOrderSort (0ms)
			DisableScriptedObjects (26ms)
			BackupInstance (0ms)
			ReleaseScriptingObjects (0ms)
			CreateAndSetChildDomain (77ms)
		EndReloadAssembly (3348ms)
			LoadAssemblies (453ms)
			RebuildTransferFunctionScriptingTraits (0ms)
			SetupTypeCache (979ms)
			ReleaseScriptCaches (2ms)
			RebuildScriptCaches (184ms)
			SetupLoadedEditorAssemblies (1628ms)
				LogAssemblyErrors (0ms)
				InitializePlatformSupportModulesInManaged (40ms)
				SetLoadedEditorAssemblies (3ms)
				RefreshPlugins (2ms)
				BeforeProcessingInitializeOnLoad (306ms)
				ProcessInitializeOnLoadAttributes (1115ms)
				ProcessInitializeOnLoadMethodAttributes (117ms)
				AfterProcessingInitializeOnLoad (45ms)
				EditorAssembliesLoaded (1ms)
			ExecutionOrderSort2 (0ms)
			AwakeInstancesAfterBackupRestoration (22ms)
Platform modules already initialized, skipping
========================================================================
Worker process is ready to serve import requests
Launched and connected shader compiler UnityShaderCompiler.exe after 0.25 seconds
Refreshing native plugins compatible for Editor in 1.58 ms, found 2 plugins.
Preloading 0 native plugins for Editor in 0.00 ms.
Unloading 1935 Unused Serialized files (Serialized files now loaded: 0)
Unloading 25 unused Assets / (48.2 KB). Loaded Objects now: 2410.
Memory consumption went from 93.8 MB to 93.8 MB.
Total: 10.625500 ms (FindLiveObjects: 0.677700 ms CreateObjectMapping: 0.459800 ms MarkObjects: 9.000700 ms  DeleteObjects: 0.482900 ms)

AssetImportParameters requested are different than current active one (requested -> active):
  custom:video-decoder-ogg-theora: a1e56fd34408186e4bbccfd4996cb3dc -> 
  custom:container-muxer-webm: aa71ff27fc2769a1b78a27578f13a17b -> 
  custom:container-demuxer-webm: 4f35f7cbe854078d1ac9338744f61a02 -> 
  custom:video-encoder-webm-vp8: eb34c28f22e8b96e1ab97ce403110664 -> 
  custom:video-codec-MediaFoundation-h265: 746d11721c4dcdbdad8f713fa42b33f4 -> 
  custom:audio-encoder-webm-vorbis: bf7c407c2cedff20999df2af8eb42d56 -> 
  custom:framework-win-MediaFoundation: 216162199b28c13a410421893ffa2e32 -> 
  custom:container-demuxer-ogg: 62fdf1f143b41e24485cea50d1cbac27 -> 
  custom:video-decoder-webm-vp8: 9c59270c3fd7afecdb556c50c9e8de78 -> 
  custom:audio-decoder-ogg-vorbis: bf7c407c2cedff20999df2af8eb42d56 -> 
========================================================================
Received Import Request.
  Time since last request: 84255.949178 seconds.
  path: Assets/Stylized Grass Texture/Textures/NewLayer 2.terrainlayer
  artifactKey: Guid(55ab3ea657d704ecbba8bf82a1552bf0) Importer(815301076,1909f56bfc062723c751e8b465ee728b)
Start importing Assets/Stylized Grass Texture/Textures/NewLayer 2.terrainlayer using Guid(55ab3ea657d704ecbba8bf82a1552bf0) Importer(815301076,1909f56bfc062723c751e8b465ee728b)  -> (artifact id: '45f09d0d873b361669057379b26b9d1a') in 0.315153 seconds 
========================================================================
Received Import Request.
  Time since last request: 0.000072 seconds.
  path: Assets/@texture/newammo_box.prefab
  artifactKey: Guid(cd26f2582922d431fa86c582375b7e80) Importer(815301076,1909f56bfc062723c751e8b465ee728b)
Start importing Assets/@texture/newammo_box.prefab using Guid(cd26f2582922d431fa86c582375b7e80) Importer(815301076,1909f56bfc062723c751e8b465ee728b)  -> (artifact id: 'fb172f20671b4caa50ded8a909ec9a63') in 0.259091 seconds 
========================================================================
Received Import Request.
  Time since last request: 0.000087 seconds.
  path: Assets/Stylized Grass Texture/Textures/NewLayer.terrainlayer
  artifactKey: Guid(e5335282b10d34db0bc096d6ad189214) Importer(815301076,1909f56bfc062723c751e8b465ee728b)
Start importing Assets/Stylized Grass Texture/Textures/NewLayer.terrainlayer using Guid(e5335282b10d34db0bc096d6ad189214) Importer(815301076,1909f56bfc062723c751e8b465ee728b)  -> (artifact id: '805a118860f127165abab06193286bbd') in 0.036848 seconds 
========================================================================
Received Import Request.
  Time since last request: 0.000063 seconds.
  path: Assets/ammo_box/Models/ammo_box.FBX
  artifactKey: Guid(88aa462b1e93f2947bec032e953ba29a) Importer(815301076,1909f56bfc062723c751e8b465ee728b)
Start importing Assets/ammo_box/Models/ammo_box.FBX using Guid(88aa462b1e93f2947bec032e953ba29a) Importer(815301076,1909f56bfc062723c751e8b465ee728b)  -> (artifact id: '434a06d1f69632de70313fa0ded7c032') in 0.235752 seconds 
========================================================================
Received Import Request.
  Time since last request: 130.977150 seconds.
  path: Assets/@clone/Resources/player_ammobox.cs
  artifactKey: Guid(de427039d3933e243a8b7a54745dfcb1) Importer(815301076,1909f56bfc062723c751e8b465ee728b)
Start importing Assets/@clone/Resources/player_ammobox.cs using Guid(de427039d3933e243a8b7a54745dfcb1) Importer(815301076,1909f56bfc062723c751e8b465ee728b)  -> (artifact id: 'b0ed5f8b70fcdf8f1f37bc67afda3695') in 0.037801 seconds 
========================================================================
Received Prepare
Registering precompiled user dll's ...
Registered in 0.024084 seconds.
Begin MonoManager ReloadAssembly
Native extension for WindowsStandalone target not found
Native extension for WebGL target not found
Refreshing native plugins compatible for Editor in 1.63 ms, found 2 plugins.
Preloading 0 native plugins for Editor in 0.00 ms.
Mono: successfully reloaded assembly
- Completed reload, in  3.800 seconds
Domain Reload Profiling:
	ReloadAssembly (3802ms)
		BeginReloadAssembly (398ms)
			ExecutionOrderSort (0ms)
			DisableScriptedObjects (15ms)
			BackupInstance (0ms)
			ReleaseScriptingObjects (0ms)
			CreateAndSetChildDomain (95ms)
		EndReloadAssembly (2951ms)
			LoadAssemblies (300ms)
			RebuildTransferFunctionScriptingTraits (0ms)
			SetupTypeCache (854ms)
			ReleaseScriptCaches (3ms)
			RebuildScriptCaches (170ms)
			SetupLoadedEditorAssemblies (1399ms)
				LogAssemblyErrors (0ms)
				InitializePlatformSupportModulesInManaged (74ms)
				SetLoadedEditorAssemblies (3ms)
				RefreshPlugins (2ms)
				BeforeProcessingInitializeOnLoad (268ms)
				ProcessInitializeOnLoadAttributes (876ms)
				ProcessInitializeOnLoadMethodAttributes (129ms)
				AfterProcessingInitializeOnLoad (48ms)
				EditorAssembliesLoaded (1ms)
			ExecutionOrderSort2 (0ms)
			AwakeInstancesAfterBackupRestoration (28ms)
Platform modules already initialized, skipping
Refreshing native plugins compatible for Editor in 6.85 ms, found 2 plugins.
Preloading 0 native plugins for Editor in 0.00 ms.
Unloading 1929 Unused Serialized files (Serialized files now loaded: 0)
Unloading 17 unused Assets / (24.6 KB). Loaded Objects now: 2428.
Memory consumption went from 97.7 MB to 97.6 MB.
Total: 8.992600 ms (FindLiveObjects: 0.413700 ms CreateObjectMapping: 0.274400 ms MarkObjects: 8.254900 ms  DeleteObjects: 0.046200 ms)

AssetImportParameters requested are different than current active one (requested -> active):
  custom:video-decoder-ogg-theora: a1e56fd34408186e4bbccfd4996cb3dc -> 
  custom:container-muxer-webm: aa71ff27fc2769a1b78a27578f13a17b -> 
  custom:container-demuxer-webm: 4f35f7cbe854078d1ac9338744f61a02 -> 
  custom:video-encoder-webm-vp8: eb34c28f22e8b96e1ab97ce403110664 -> 
  custom:video-codec-MediaFoundation-h265: 746d11721c4dcdbdad8f713fa42b33f4 -> 
  custom:audio-encoder-webm-vorbis: bf7c407c2cedff20999df2af8eb42d56 -> 
  custom:framework-win-MediaFoundation: 216162199b28c13a410421893ffa2e32 -> 
  custom:container-demuxer-ogg: 62fdf1f143b41e24485cea50d1cbac27 -> 
  custom:video-decoder-webm-vp8: 9c59270c3fd7afecdb556c50c9e8de78 -> 
  custom:audio-decoder-ogg-vorbis: bf7c407c2cedff20999df2af8eb42d56 -> 
========================================================================
Received Import Request.
  Time since last request: 32.058350 seconds.
  path: Assets/@Split/PlayerManager.cs
  artifactKey: Guid(91c0b159f37024773961b2bbe291bf01) Importer(815301076,1909f56bfc062723c751e8b465ee728b)
Start importing Assets/@Split/PlayerManager.cs using Guid(91c0b159f37024773961b2bbe291bf01) Importer(815301076,1909f56bfc062723c751e8b465ee728b)  -> (artifact id: '463bfd1fcfd2720b1368891298dbbc0a') in 0.029428 seconds 
========================================================================
Received Import Request.
  Time since last request: 865.201764 seconds.
  path: Assets/@Split/player_ammobox.cs
  artifactKey: Guid(de427039d3933e243a8b7a54745dfcb1) Importer(815301076,1909f56bfc062723c751e8b465ee728b)
Start importing Assets/@Split/player_ammobox.cs using Guid(de427039d3933e243a8b7a54745dfcb1) Importer(815301076,1909f56bfc062723c751e8b465ee728b)  -> (artifact id: '72057e3570b2e1c7c42a356e4f8dee2a') in 0.010021 seconds 
========================================================================
Received Import Request.
  Time since last request: 51.733510 seconds.
  path: Assets/@Split/player_ammobox.cs
  artifactKey: Guid(de427039d3933e243a8b7a54745dfcb1) Importer(815301076,1909f56bfc062723c751e8b465ee728b)
Start importing Assets/@Split/player_ammobox.cs using Guid(de427039d3933e243a8b7a54745dfcb1) Importer(815301076,1909f56bfc062723c751e8b465ee728b)  -> (artifact id: '7faf1478354a1083eb33bad9b2a1e5e4') in 0.008994 seconds 
========================================================================
Received Prepare
Registering precompiled user dll's ...
Registered in 0.026505 seconds.
Begin MonoManager ReloadAssembly
Native extension for WindowsStandalone target not found
Native extension for WebGL target not found
Refreshing native plugins compatible for Editor in 1.09 ms, found 2 plugins.
Preloading 0 native plugins for Editor in 0.00 ms.
Mono: successfully reloaded assembly
- Completed reload, in  3.780 seconds
Domain Reload Profiling:
	ReloadAssembly (3783ms)
		BeginReloadAssembly (488ms)
			ExecutionOrderSort (0ms)
			DisableScriptedObjects (30ms)
			BackupInstance (0ms)
			ReleaseScriptingObjects (0ms)
			CreateAndSetChildDomain (107ms)
		EndReloadAssembly (2856ms)
			LoadAssemblies (354ms)
			RebuildTransferFunctionScriptingTraits (0ms)
			SetupTypeCache (841ms)
			ReleaseScriptCaches (2ms)
			RebuildScriptCaches (157ms)
			SetupLoadedEditorAssemblies (1320ms)
				LogAssemblyErrors (0ms)
				InitializePlatformSupportModulesInManaged (72ms)
				SetLoadedEditorAssemblies (2ms)
				RefreshPlugins (1ms)
				BeforeProcessingInitializeOnLoad (223ms)
				ProcessInitializeOnLoadAttributes (850ms)
				ProcessInitializeOnLoadMethodAttributes (128ms)
				AfterProcessingInitializeOnLoad (44ms)
				EditorAssembliesLoaded (1ms)
			ExecutionOrderSort2 (0ms)
			AwakeInstancesAfterBackupRestoration (29ms)
Platform modules already initialized, skipping
Refreshing native plugins compatible for Editor in 7.48 ms, found 2 plugins.
Preloading 0 native plugins for Editor in 0.00 ms.
Unloading 1929 Unused Serialized files (Serialized files now loaded: 0)
Unloading 17 unused Assets / (24.6 KB). Loaded Objects now: 2432.
Memory consumption went from 97.7 MB to 97.6 MB.
Total: 7.064500 ms (FindLiveObjects: 0.283400 ms CreateObjectMapping: 0.159200 ms MarkObjects: 6.543800 ms  DeleteObjects: 0.065300 ms)

AssetImportParameters requested are different than current active one (requested -> active):
  custom:video-decoder-ogg-theora: a1e56fd34408186e4bbccfd4996cb3dc -> 
  custom:container-muxer-webm: aa71ff27fc2769a1b78a27578f13a17b -> 
  custom:container-demuxer-webm: 4f35f7cbe854078d1ac9338744f61a02 -> 
  custom:video-encoder-webm-vp8: eb34c28f22e8b96e1ab97ce403110664 -> 
  custom:video-codec-MediaFoundation-h265: 746d11721c4dcdbdad8f713fa42b33f4 -> 
  custom:audio-encoder-webm-vorbis: bf7c407c2cedff20999df2af8eb42d56 -> 
  custom:framework-win-MediaFoundation: 216162199b28c13a410421893ffa2e32 -> 
  custom:container-demuxer-ogg: 62fdf1f143b41e24485cea50d1cbac27 -> 
  custom:video-decoder-webm-vp8: 9c59270c3fd7afecdb556c50c9e8de78 -> 
  custom:audio-decoder-ogg-vorbis: bf7c407c2cedff20999df2af8eb42d56 -> 
========================================================================
Received Prepare
Registering precompiled user dll's ...
Registered in 0.024344 seconds.
Begin MonoManager ReloadAssembly
Native extension for WindowsStandalone target not found
Native extension for WebGL target not found
Refreshing native plugins compatible for Editor in 1.22 ms, found 2 plugins.
Preloading 0 native plugins for Editor in 0.00 ms.
Mono: successfully reloaded assembly
- Completed reload, in  3.803 seconds
Domain Reload Profiling:
	ReloadAssembly (3806ms)
		BeginReloadAssembly (458ms)
			ExecutionOrderSort (0ms)
			DisableScriptedObjects (23ms)
			BackupInstance (0ms)
			ReleaseScriptingObjects (0ms)
			CreateAndSetChildDomain (97ms)
		EndReloadAssembly (2852ms)
			LoadAssemblies (319ms)
			RebuildTransferFunctionScriptingTraits (0ms)
			SetupTypeCache (844ms)
			ReleaseScriptCaches (2ms)
			RebuildScriptCaches (172ms)
			SetupLoadedEditorAssemblies (1312ms)
				LogAssemblyErrors (0ms)
				InitializePlatformSupportModulesInManaged (78ms)
				SetLoadedEditorAssemblies (2ms)
				RefreshPlugins (1ms)
				BeforeProcessingInitializeOnLoad (236ms)
				ProcessInitializeOnLoadAttributes (840ms)
				ProcessInitializeOnLoadMethodAttributes (114ms)
				AfterProcessingInitializeOnLoad (39ms)
				EditorAssembliesLoaded (1ms)
			ExecutionOrderSort2 (0ms)
			AwakeInstancesAfterBackupRestoration (24ms)
Platform modules already initialized, skipping
Refreshing native plugins compatible for Editor in 8.06 ms, found 2 plugins.
Preloading 0 native plugins for Editor in 0.00 ms.
Unloading 1929 Unused Serialized files (Serialized files now loaded: 0)
Unloading 17 unused Assets / (24.7 KB). Loaded Objects now: 2436.
Memory consumption went from 97.8 MB to 97.7 MB.
Total: 10.359300 ms (FindLiveObjects: 0.359600 ms CreateObjectMapping: 0.235500 ms MarkObjects: 9.712600 ms  DeleteObjects: 0.047500 ms)

AssetImportParameters requested are different than current active one (requested -> active):
  custom:video-decoder-ogg-theora: a1e56fd34408186e4bbccfd4996cb3dc -> 
  custom:container-muxer-webm: aa71ff27fc2769a1b78a27578f13a17b -> 
  custom:container-demuxer-webm: 4f35f7cbe854078d1ac9338744f61a02 -> 
  custom:video-encoder-webm-vp8: eb34c28f22e8b96e1ab97ce403110664 -> 
  custom:video-codec-MediaFoundation-h265: 746d11721c4dcdbdad8f713fa42b33f4 -> 
  custom:audio-encoder-webm-vorbis: bf7c407c2cedff20999df2af8eb42d56 -> 
  custom:framework-win-MediaFoundation: 216162199b28c13a410421893ffa2e32 -> 
  custom:container-demuxer-ogg: 62fdf1f143b41e24485cea50d1cbac27 -> 
  custom:video-decoder-webm-vp8: 9c59270c3fd7afecdb556c50c9e8de78 -> 
  custom:audio-decoder-ogg-vorbis: bf7c407c2cedff20999df2af8eb42d56 -> 
========================================================================
Received Import Request.
  Time since last request: 33.667329 seconds.
  path: Assets/@Scenes/Start screen.unity
  artifactKey: Guid(c7ac90a8f10f54dbe9c481c9c87acaa9) Importer(815301076,1909f56bfc062723c751e8b465ee728b)
Start importing Assets/@Scenes/Start screen.unity using Guid(c7ac90a8f10f54dbe9c481c9c87acaa9) Importer(815301076,1909f56bfc062723c751e8b465ee728b)  -> (artifact id: 'caadd5bb1925a1ba49dd18f95462dc57') in 0.029206 seconds 
========================================================================
Received Prepare
Registering precompiled user dll's ...
Registered in 0.030303 seconds.
Begin MonoManager ReloadAssembly
Native extension for WindowsStandalone target not found
Native extension for WebGL target not found
Refreshing native plugins compatible for Editor in 1.23 ms, found 2 plugins.
Preloading 0 native plugins for Editor in 0.00 ms.
Mono: successfully reloaded assembly
- Completed reload, in  6.306 seconds
Domain Reload Profiling:
	ReloadAssembly (6310ms)
		BeginReloadAssembly (1594ms)
			ExecutionOrderSort (0ms)
			DisableScriptedObjects (23ms)
			BackupInstance (0ms)
			ReleaseScriptingObjects (0ms)
			CreateAndSetChildDomain (105ms)
		EndReloadAssembly (3641ms)
			LoadAssemblies (1505ms)
			RebuildTransferFunctionScriptingTraits (0ms)
			SetupTypeCache (1082ms)
			ReleaseScriptCaches (2ms)
			RebuildScriptCaches (152ms)
			SetupLoadedEditorAssemblies (1740ms)
				LogAssemblyErrors (0ms)
				InitializePlatformSupportModulesInManaged (65ms)
				SetLoadedEditorAssemblies (2ms)
				RefreshPlugins (1ms)
				BeforeProcessingInitializeOnLoad (247ms)
				ProcessInitializeOnLoadAttributes (1203ms)
				ProcessInitializeOnLoadMethodAttributes (149ms)
				AfterProcessingInitializeOnLoad (72ms)
				EditorAssembliesLoaded (1ms)
			ExecutionOrderSort2 (0ms)
			AwakeInstancesAfterBackupRestoration (37ms)
Platform modules already initialized, skipping
Refreshing native plugins compatible for Editor in 6.97 ms, found 2 plugins.
Preloading 0 native plugins for Editor in 0.00 ms.
Unloading 1929 Unused Serialized files (Serialized files now loaded: 0)
Unloading 17 unused Assets / (24.7 KB). Loaded Objects now: 2440.
Memory consumption went from 97.8 MB to 97.8 MB.
Total: 11.820100 ms (FindLiveObjects: 0.690300 ms CreateObjectMapping: 0.445900 ms MarkObjects: 10.634300 ms  DeleteObjects: 0.046100 ms)

AssetImportParameters requested are different than current active one (requested -> active):
  custom:video-decoder-ogg-theora: a1e56fd34408186e4bbccfd4996cb3dc -> 
  custom:container-muxer-webm: aa71ff27fc2769a1b78a27578f13a17b -> 
  custom:container-demuxer-webm: 4f35f7cbe854078d1ac9338744f61a02 -> 
  custom:video-encoder-webm-vp8: eb34c28f22e8b96e1ab97ce403110664 -> 
  custom:video-codec-MediaFoundation-h265: 746d11721c4dcdbdad8f713fa42b33f4 -> 
  custom:audio-encoder-webm-vorbis: bf7c407c2cedff20999df2af8eb42d56 -> 
  custom:framework-win-MediaFoundation: 216162199b28c13a410421893ffa2e32 -> 
  custom:container-demuxer-ogg: 62fdf1f143b41e24485cea50d1cbac27 -> 
  custom:video-decoder-webm-vp8: 9c59270c3fd7afecdb556c50c9e8de78 -> 
  custom:audio-decoder-ogg-vorbis: bf7c407c2cedff20999df2af8eb42d56 -> 
========================================================================
Received Import Request.
  Time since last request: 33.600545 seconds.
  path: Assets/@clone/Resources/player_.prefab
  artifactKey: Guid(de0d567fd3c904ab0b6d953e009d39da) Importer(815301076,1909f56bfc062723c751e8b465ee728b)
Start importing Assets/@clone/Resources/player_.prefab using Guid(de0d567fd3c904ab0b6d953e009d39da) Importer(815301076,1909f56bfc062723c751e8b465ee728b)  -> (artifact id: '0a1c369277a5160295fba144c1d75f73') in 0.304889 seconds 
========================================================================
Received Import Request.
  Time since last request: 20.247355 seconds.
  path: Assets/ammo_box
  artifactKey: Guid(9f9c8f2c6019343a1988ef0414cc56f4) Importer(815301076,1909f56bfc062723c751e8b465ee728b)
Start importing Assets/ammo_box using Guid(9f9c8f2c6019343a1988ef0414cc56f4) Importer(815301076,1909f56bfc062723c751e8b465ee728b)  -> (artifact id: '1ffb7a33b8d15f2561a9a159c9ba798a') in 0.007413 seconds 
========================================================================
Received Import Request.
  Time since last request: 11.629323 seconds.
  path: Assets/ammo_box/Prefabs/Ammo_box 1.prefab
  artifactKey: Guid(bc1f6e74f5f9155498187234fcd7c88e) Importer(815301076,1909f56bfc062723c751e8b465ee728b)
Start importing Assets/ammo_box/Prefabs/Ammo_box 1.prefab using Guid(bc1f6e74f5f9155498187234fcd7c88e) Importer(815301076,1909f56bfc062723c751e8b465ee728b)  -> (artifact id: '2de6572c08e5098d845d81cfbc86dbb3') in 0.105312 seconds 
========================================================================
Received Import Request.
  Time since last request: 9.532236 seconds.
  path: Assets/@clone/Resources/player.prefab
  artifactKey: Guid(8e398470d2c7f4820aed286f664f369c) Importer(815301076,1909f56bfc062723c751e8b465ee728b)
Start importing Assets/@clone/Resources/player.prefab using Guid(8e398470d2c7f4820aed286f664f369c) Importer(815301076,1909f56bfc062723c751e8b465ee728b)  -> (artifact id: '57f71647798ebaeec71ea026a7ee180d') in 0.108720 seconds 
========================================================================
Received Import Request.
  Time since last request: 11.251207 seconds.
  path: Assets/ammo_box/Materials/Ammo_box.mat
  artifactKey: Guid(8a61a31da122a454d94aac8c1f8edab5) Importer(815301076,1909f56bfc062723c751e8b465ee728b)
Start importing Assets/ammo_box/Materials/Ammo_box.mat using Guid(8a61a31da122a454d94aac8c1f8edab5) Importer(815301076,1909f56bfc062723c751e8b465ee728b)  -> (artifact id: 'f329bf6de7f4e956fc1edf9b7d0f6878') in 0.172474 seconds 
========================================================================
Received Import Request.
  Time since last request: 31.068948 seconds.
  path: Assets/@clone/Resources/Ammo_box.prefab
  artifactKey: Guid(e7152d23c09aee845a9594ff1308f6a8) Importer(815301076,1909f56bfc062723c751e8b465ee728b)
Start importing Assets/@clone/Resources/Ammo_box.prefab using Guid(e7152d23c09aee845a9594ff1308f6a8) Importer(815301076,1909f56bfc062723c751e8b465ee728b)  -> (artifact id: '4e5c977d2cb467951ed9a535b4bfae19') in 0.051366 seconds 
========================================================================
Received Prepare
Registering precompiled user dll's ...
Registered in 0.026552 seconds.
Begin MonoManager ReloadAssembly
Native extension for WindowsStandalone target not found
Native extension for WebGL target not found
Refreshing native plugins compatible for Editor in 1.29 ms, found 2 plugins.
Preloading 0 native plugins for Editor in 0.00 ms.
Mono: successfully reloaded assembly
- Completed reload, in  5.401 seconds
Domain Reload Profiling:
	ReloadAssembly (5404ms)
		BeginReloadAssembly (451ms)
			ExecutionOrderSort (0ms)
			DisableScriptedObjects (22ms)
			BackupInstance (0ms)
			ReleaseScriptingObjects (0ms)
			CreateAndSetChildDomain (95ms)
		EndReloadAssembly (4132ms)
			LoadAssemblies (389ms)
			RebuildTransferFunctionScriptingTraits (0ms)
			SetupTypeCache (1554ms)
			ReleaseScriptCaches (3ms)
			RebuildScriptCaches (142ms)
			SetupLoadedEditorAssemblies (1814ms)
				LogAssemblyErrors (0ms)
				InitializePlatformSupportModulesInManaged (92ms)
				SetLoadedEditorAssemblies (2ms)
				RefreshPlugins (2ms)
				BeforeProcessingInitializeOnLoad (443ms)
				ProcessInitializeOnLoadAttributes (1062ms)
				ProcessInitializeOnLoadMethodAttributes (153ms)
				AfterProcessingInitializeOnLoad (61ms)
				EditorAssembliesLoaded (1ms)
			ExecutionOrderSort2 (0ms)
			AwakeInstancesAfterBackupRestoration (28ms)
Platform modules already initialized, skipping
Refreshing native plugins compatible for Editor in 14.10 ms, found 2 plugins.
Preloading 0 native plugins for Editor in 0.00 ms.
Unloading 1929 Unused Serialized files (Serialized files now loaded: 0)
Unloading 21 unused Assets / (26.4 KB). Loaded Objects now: 2482.
Memory consumption went from 98.1 MB to 98.1 MB.
Total: 23.491500 ms (FindLiveObjects: 0.567900 ms CreateObjectMapping: 0.435900 ms MarkObjects: 22.240800 ms  DeleteObjects: 0.240100 ms)

AssetImportParameters requested are different than current active one (requested -> active):
  custom:video-decoder-ogg-theora: a1e56fd34408186e4bbccfd4996cb3dc -> 
  custom:container-muxer-webm: aa71ff27fc2769a1b78a27578f13a17b -> 
  custom:container-demuxer-webm: 4f35f7cbe854078d1ac9338744f61a02 -> 
  custom:video-encoder-webm-vp8: eb34c28f22e8b96e1ab97ce403110664 -> 
  custom:video-codec-MediaFoundation-h265: 746d11721c4dcdbdad8f713fa42b33f4 -> 
  custom:audio-encoder-webm-vorbis: bf7c407c2cedff20999df2af8eb42d56 -> 
  custom:framework-win-MediaFoundation: 216162199b28c13a410421893ffa2e32 -> 
  custom:container-demuxer-ogg: 62fdf1f143b41e24485cea50d1cbac27 -> 
  custom:video-decoder-webm-vp8: 9c59270c3fd7afecdb556c50c9e8de78 -> 
  custom:audio-decoder-ogg-vorbis: bf7c407c2cedff20999df2af8eb42d56 -> 
========================================================================
Received Import Request.
  Time since last request: 181.348270 seconds.
  path: Assets/@clone/Resources/Ammo_box.prefab
  artifactKey: Guid(e7152d23c09aee845a9594ff1308f6a8) Importer(815301076,1909f56bfc062723c751e8b465ee728b)
Start importing Assets/@clone/Resources/Ammo_box.prefab using Guid(e7152d23c09aee845a9594ff1308f6a8) Importer(815301076,1909f56bfc062723c751e8b465ee728b)  -> (artifact id: 'fbc5c4e730be02e3130624998a53a8d1') in 0.284205 seconds 
========================================================================
Received Import Request.
  Time since last request: 4.754562 seconds.
  path: Assets/@clone/Resources/Ammo_box.prefab
  artifactKey: Guid(e7152d23c09aee845a9594ff1308f6a8) Importer(815301076,1909f56bfc062723c751e8b465ee728b)
Start importing Assets/@clone/Resources/Ammo_box.prefab using Guid(e7152d23c09aee845a9594ff1308f6a8) Importer(815301076,1909f56bfc062723c751e8b465ee728b)  -> (artifact id: '4514b9168aebe7e032865d5829e36853') in 0.069652 seconds 
========================================================================
Received Import Request.
  Time since last request: 2.901313 seconds.
  path: Assets/@clone/Resources/Ammo_box.prefab
  artifactKey: Guid(e7152d23c09aee845a9594ff1308f6a8) Importer(815301076,1909f56bfc062723c751e8b465ee728b)
Start importing Assets/@clone/Resources/Ammo_box.prefab using Guid(e7152d23c09aee845a9594ff1308f6a8) Importer(815301076,1909f56bfc062723c751e8b465ee728b)  -> (artifact id: '42562994826576e967a67a866a70b8ce') in 0.063990 seconds 
========================================================================
Received Import Request.
  Time since last request: 2.207414 seconds.
  path: Assets/@clone/Resources/Ammo_box.prefab
  artifactKey: Guid(e7152d23c09aee845a9594ff1308f6a8) Importer(815301076,1909f56bfc062723c751e8b465ee728b)
Start importing Assets/@clone/Resources/Ammo_box.prefab using Guid(e7152d23c09aee845a9594ff1308f6a8) Importer(815301076,1909f56bfc062723c751e8b465ee728b)  -> (artifact id: 'da663dde5cf006b670dc7df5a28cb989') in 0.058413 seconds 
========================================================================
Received Prepare
Registering precompiled user dll's ...
Registered in 0.031559 seconds.
Begin MonoManager ReloadAssembly
Native extension for WindowsStandalone target not found
Native extension for WebGL target not found
Refreshing native plugins compatible for Editor in 1.51 ms, found 2 plugins.
Preloading 0 native plugins for Editor in 0.00 ms.
Mono: successfully reloaded assembly
- Completed reload, in  5.446 seconds
Domain Reload Profiling:
	ReloadAssembly (5448ms)
		BeginReloadAssembly (712ms)
			ExecutionOrderSort (0ms)
			DisableScriptedObjects (22ms)
			BackupInstance (0ms)
			ReleaseScriptingObjects (0ms)
			CreateAndSetChildDomain (154ms)
		EndReloadAssembly (3873ms)
			LoadAssemblies (516ms)
			RebuildTransferFunctionScriptingTraits (0ms)
			SetupTypeCache (1057ms)
			ReleaseScriptCaches (4ms)
			RebuildScriptCaches (257ms)
			SetupLoadedEditorAssemblies (1852ms)
				LogAssemblyErrors (0ms)
				InitializePlatformSupportModulesInManaged (93ms)
				SetLoadedEditorAssemblies (4ms)
				RefreshPlugins (2ms)
				BeforeProcessingInitializeOnLoad (355ms)
				ProcessInitializeOnLoadAttributes (1170ms)
				ProcessInitializeOnLoadMethodAttributes (167ms)
				AfterProcessingInitializeOnLoad (59ms)
				EditorAssembliesLoaded (1ms)
			ExecutionOrderSort2 (0ms)
			AwakeInstancesAfterBackupRestoration (46ms)
Platform modules already initialized, skipping
Refreshing native plugins compatible for Editor in 14.58 ms, found 2 plugins.
Preloading 0 native plugins for Editor in 0.00 ms.
Unloading 1929 Unused Serialized files (Serialized files now loaded: 0)
Unloading 17 unused Assets / (24.6 KB). Loaded Objects now: 2486.
Memory consumption went from 98.1 MB to 98.1 MB.
Total: 12.639700 ms (FindLiveObjects: 0.532700 ms CreateObjectMapping: 0.196300 ms MarkObjects: 11.768600 ms  DeleteObjects: 0.137800 ms)

AssetImportParameters requested are different than current active one (requested -> active):
  custom:video-decoder-ogg-theora: a1e56fd34408186e4bbccfd4996cb3dc -> 
  custom:container-muxer-webm: aa71ff27fc2769a1b78a27578f13a17b -> 
  custom:container-demuxer-webm: 4f35f7cbe854078d1ac9338744f61a02 -> 
  custom:video-encoder-webm-vp8: eb34c28f22e8b96e1ab97ce403110664 -> 
  custom:video-codec-MediaFoundation-h265: 746d11721c4dcdbdad8f713fa42b33f4 -> 
  custom:audio-encoder-webm-vorbis: bf7c407c2cedff20999df2af8eb42d56 -> 
  custom:framework-win-MediaFoundation: 216162199b28c13a410421893ffa2e32 -> 
  custom:container-demuxer-ogg: 62fdf1f143b41e24485cea50d1cbac27 -> 
  custom:video-decoder-webm-vp8: 9c59270c3fd7afecdb556c50c9e8de78 -> 
  custom:audio-decoder-ogg-vorbis: bf7c407c2cedff20999df2af8eb42d56 -> 
========================================================================
Received Prepare
Registering precompiled user dll's ...
Registered in 0.025609 seconds.
Begin MonoManager ReloadAssembly
Native extension for WindowsStandalone target not found
Native extension for WebGL target not found
Refreshing native plugins compatible for Editor in 1.54 ms, found 2 plugins.
Preloading 0 native plugins for Editor in 0.00 ms.
Mono: successfully reloaded assembly
- Completed reload, in  3.622 seconds
Domain Reload Profiling:
	ReloadAssembly (3624ms)
		BeginReloadAssembly (435ms)
			ExecutionOrderSort (0ms)
			DisableScriptedObjects (27ms)
			BackupInstance (0ms)
			ReleaseScriptingObjects (0ms)
			CreateAndSetChildDomain (86ms)
		EndReloadAssembly (2744ms)
			LoadAssemblies (307ms)
			RebuildTransferFunctionScriptingTraits (1ms)
			SetupTypeCache (784ms)
			ReleaseScriptCaches (2ms)
			RebuildScriptCaches (152ms)
			SetupLoadedEditorAssemblies (1288ms)
				LogAssemblyErrors (0ms)
				InitializePlatformSupportModulesInManaged (70ms)
				SetLoadedEditorAssemblies (2ms)
				RefreshPlugins (2ms)
				BeforeProcessingInitializeOnLoad (242ms)
				ProcessInitializeOnLoadAttributes (806ms)
				ProcessInitializeOnLoadMethodAttributes (104ms)
				AfterProcessingInitializeOnLoad (60ms)
				EditorAssembliesLoaded (3ms)
			ExecutionOrderSort2 (0ms)
			AwakeInstancesAfterBackupRestoration (40ms)
Platform modules already initialized, skipping
Refreshing native plugins compatible for Editor in 38.87 ms, found 2 plugins.
Preloading 0 native plugins for Editor in 0.00 ms.
Unloading 1929 Unused Serialized files (Serialized files now loaded: 0)
Unloading 17 unused Assets / (24.6 KB). Loaded Objects now: 2490.
Memory consumption went from 98.0 MB to 98.0 MB.
Total: 14.408900 ms (FindLiveObjects: 0.757200 ms CreateObjectMapping: 0.471100 ms MarkObjects: 13.072500 ms  DeleteObjects: 0.102100 ms)

AssetImportParameters requested are different than current active one (requested -> active):
  custom:video-decoder-ogg-theora: a1e56fd34408186e4bbccfd4996cb3dc -> 
  custom:container-muxer-webm: aa71ff27fc2769a1b78a27578f13a17b -> 
  custom:container-demuxer-webm: 4f35f7cbe854078d1ac9338744f61a02 -> 
  custom:video-encoder-webm-vp8: eb34c28f22e8b96e1ab97ce403110664 -> 
  custom:video-codec-MediaFoundation-h265: 746d11721c4dcdbdad8f713fa42b33f4 -> 
  custom:audio-encoder-webm-vorbis: bf7c407c2cedff20999df2af8eb42d56 -> 
  custom:framework-win-MediaFoundation: 216162199b28c13a410421893ffa2e32 -> 
  custom:container-demuxer-ogg: 62fdf1f143b41e24485cea50d1cbac27 -> 
  custom:video-decoder-webm-vp8: 9c59270c3fd7afecdb556c50c9e8de78 -> 
  custom:audio-decoder-ogg-vorbis: bf7c407c2cedff20999df2af8eb42d56 -> 
========================================================================
Received Prepare
Registering precompiled user dll's ...
Registered in 0.060220 seconds.
Begin MonoManager ReloadAssembly
Native extension for WindowsStandalone target not found
Native extension for WebGL target not found
Refreshing native plugins compatible for Editor in 1.97 ms, found 2 plugins.
Preloading 0 native plugins for Editor in 0.00 ms.
Mono: successfully reloaded assembly
- Completed reload, in  8.814 seconds
Domain Reload Profiling:
	ReloadAssembly (8820ms)
		BeginReloadAssembly (967ms)
			ExecutionOrderSort (0ms)
			DisableScriptedObjects (67ms)
			BackupInstance (0ms)
			ReleaseScriptingObjects (0ms)
			CreateAndSetChildDomain (197ms)
		EndReloadAssembly (7002ms)
			LoadAssemblies (691ms)
			RebuildTransferFunctionScriptingTraits (0ms)
			SetupTypeCache (2298ms)
			ReleaseScriptCaches (7ms)
			RebuildScriptCaches (427ms)
			SetupLoadedEditorAssemblies (2926ms)
				LogAssemblyErrors (0ms)
				InitializePlatformSupportModulesInManaged (136ms)
				SetLoadedEditorAssemblies (5ms)
				RefreshPlugins (2ms)
				BeforeProcessingInitializeOnLoad (530ms)
				ProcessInitializeOnLoadAttributes (1848ms)
				ProcessInitializeOnLoadMethodAttributes (289ms)
				AfterProcessingInitializeOnLoad (114ms)
				EditorAssembliesLoaded (1ms)
			ExecutionOrderSort2 (0ms)
			AwakeInstancesAfterBackupRestoration (78ms)
Platform modules already initialized, skipping
Refreshing native plugins compatible for Editor in 5.37 ms, found 2 plugins.
Preloading 0 native plugins for Editor in 0.00 ms.
Unloading 1929 Unused Serialized files (Serialized files now loaded: 0)
Unloading 17 unused Assets / (24.6 KB). Loaded Objects now: 2494.
Memory consumption went from 98.1 MB to 98.0 MB.
Total: 8.738500 ms (FindLiveObjects: 0.313700 ms CreateObjectMapping: 0.177100 ms MarkObjects: 8.150300 ms  DeleteObjects: 0.093000 ms)

AssetImportParameters requested are different than current active one (requested -> active):
  custom:video-decoder-ogg-theora: a1e56fd34408186e4bbccfd4996cb3dc -> 
  custom:container-muxer-webm: aa71ff27fc2769a1b78a27578f13a17b -> 
  custom:container-demuxer-webm: 4f35f7cbe854078d1ac9338744f61a02 -> 
  custom:video-encoder-webm-vp8: eb34c28f22e8b96e1ab97ce403110664 -> 
  custom:video-codec-MediaFoundation-h265: 746d11721c4dcdbdad8f713fa42b33f4 -> 
  custom:audio-encoder-webm-vorbis: bf7c407c2cedff20999df2af8eb42d56 -> 
  custom:framework-win-MediaFoundation: 216162199b28c13a410421893ffa2e32 -> 
  custom:container-demuxer-ogg: 62fdf1f143b41e24485cea50d1cbac27 -> 
  custom:video-decoder-webm-vp8: 9c59270c3fd7afecdb556c50c9e8de78 -> 
  custom:audio-decoder-ogg-vorbis: bf7c407c2cedff20999df2af8eb42d56 -> 
========================================================================
Received Prepare
Registering precompiled user dll's ...
Registered in 0.028681 seconds.
Begin MonoManager ReloadAssembly
Native extension for WindowsStandalone target not found
Native extension for WebGL target not found
Refreshing native plugins compatible for Editor in 1.56 ms, found 2 plugins.
Preloading 0 native plugins for Editor in 0.00 ms.
Mono: successfully reloaded assembly
- Completed reload, in  3.347 seconds
Domain Reload Profiling:
	ReloadAssembly (3349ms)
		BeginReloadAssembly (439ms)
			ExecutionOrderSort (0ms)
			DisableScriptedObjects (25ms)
			BackupInstance (0ms)
			ReleaseScriptingObjects (0ms)
			CreateAndSetChildDomain (95ms)
		EndReloadAssembly (2517ms)
			LoadAssemblies (290ms)
			RebuildTransferFunctionScriptingTraits (0ms)
			SetupTypeCache (716ms)
			ReleaseScriptCaches (2ms)
			RebuildScriptCaches (118ms)
			SetupLoadedEditorAssemblies (1285ms)
				LogAssemblyErrors (0ms)
				InitializePlatformSupportModulesInManaged (82ms)
				SetLoadedEditorAssemblies (3ms)
				RefreshPlugins (2ms)
				BeforeProcessingInitializeOnLoad (229ms)
				ProcessInitializeOnLoadAttributes (811ms)
				ProcessInitializeOnLoadMethodAttributes (115ms)
				AfterProcessingInitializeOnLoad (44ms)
				EditorAssembliesLoaded (1ms)
			ExecutionOrderSort2 (0ms)
			AwakeInstancesAfterBackupRestoration (21ms)
Platform modules already initialized, skipping
Refreshing native plugins compatible for Editor in 14.66 ms, found 2 plugins.
Preloading 0 native plugins for Editor in 0.00 ms.
Unloading 1929 Unused Serialized files (Serialized files now loaded: 0)
Unloading 17 unused Assets / (24.6 KB). Loaded Objects now: 2498.
Memory consumption went from 98.1 MB to 98.0 MB.
Total: 17.787500 ms (FindLiveObjects: 0.499200 ms CreateObjectMapping: 0.337600 ms MarkObjects: 16.879200 ms  DeleteObjects: 0.068200 ms)

AssetImportParameters requested are different than current active one (requested -> active):
  custom:video-decoder-ogg-theora: a1e56fd34408186e4bbccfd4996cb3dc -> 
  custom:container-muxer-webm: aa71ff27fc2769a1b78a27578f13a17b -> 
  custom:container-demuxer-webm: 4f35f7cbe854078d1ac9338744f61a02 -> 
  custom:video-encoder-webm-vp8: eb34c28f22e8b96e1ab97ce403110664 -> 
  custom:video-codec-MediaFoundation-h265: 746d11721c4dcdbdad8f713fa42b33f4 -> 
  custom:audio-encoder-webm-vorbis: bf7c407c2cedff20999df2af8eb42d56 -> 
  custom:framework-win-MediaFoundation: 216162199b28c13a410421893ffa2e32 -> 
  custom:container-demuxer-ogg: 62fdf1f143b41e24485cea50d1cbac27 -> 
  custom:video-decoder-webm-vp8: 9c59270c3fd7afecdb556c50c9e8de78 -> 
  custom:audio-decoder-ogg-vorbis: bf7c407c2cedff20999df2af8eb42d56 -> 
========================================================================
Received Prepare
Registering precompiled user dll's ...
Registered in 0.030436 seconds.
Begin MonoManager ReloadAssembly
Native extension for WindowsStandalone target not found
Native extension for WebGL target not found
Refreshing native plugins compatible for Editor in 2.35 ms, found 2 plugins.
Preloading 0 native plugins for Editor in 0.00 ms.
Mono: successfully reloaded assembly
- Completed reload, in  5.505 seconds
Domain Reload Profiling:
	ReloadAssembly (5510ms)
		BeginReloadAssembly (634ms)
			ExecutionOrderSort (0ms)
			DisableScriptedObjects (31ms)
			BackupInstance (0ms)
			ReleaseScriptingObjects (0ms)
			CreateAndSetChildDomain (138ms)
		EndReloadAssembly (4131ms)
			LoadAssemblies (436ms)
			RebuildTransferFunctionScriptingTraits (0ms)
			SetupTypeCache (1164ms)
			ReleaseScriptCaches (3ms)
			RebuildScriptCaches (263ms)
			SetupLoadedEditorAssemblies (1961ms)
				LogAssemblyErrors (0ms)
				InitializePlatformSupportModulesInManaged (86ms)
				SetLoadedEditorAssemblies (4ms)
				RefreshPlugins (3ms)
				BeforeProcessingInitializeOnLoad (356ms)
				ProcessInitializeOnLoadAttributes (1233ms)
				ProcessInitializeOnLoadMethodAttributes (195ms)
				AfterProcessingInitializeOnLoad (84ms)
				EditorAssembliesLoaded (1ms)
			ExecutionOrderSort2 (0ms)
			AwakeInstancesAfterBackupRestoration (36ms)
Platform modules already initialized, skipping
Refreshing native plugins compatible for Editor in 9.97 ms, found 2 plugins.
Preloading 0 native plugins for Editor in 0.00 ms.
Unloading 1929 Unused Serialized files (Serialized files now loaded: 0)
Unloading 17 unused Assets / (24.6 KB). Loaded Objects now: 2502.
Memory consumption went from 98.1 MB to 98.0 MB.
Total: 14.072600 ms (FindLiveObjects: 1.073500 ms CreateObjectMapping: 0.509400 ms MarkObjects: 12.414600 ms  DeleteObjects: 0.068100 ms)

AssetImportParameters requested are different than current active one (requested -> active):
  custom:video-decoder-ogg-theora: a1e56fd34408186e4bbccfd4996cb3dc -> 
  custom:container-muxer-webm: aa71ff27fc2769a1b78a27578f13a17b -> 
  custom:container-demuxer-webm: 4f35f7cbe854078d1ac9338744f61a02 -> 
  custom:video-encoder-webm-vp8: eb34c28f22e8b96e1ab97ce403110664 -> 
  custom:video-codec-MediaFoundation-h265: 746d11721c4dcdbdad8f713fa42b33f4 -> 
  custom:audio-encoder-webm-vorbis: bf7c407c2cedff20999df2af8eb42d56 -> 
  custom:framework-win-MediaFoundation: 216162199b28c13a410421893ffa2e32 -> 
  custom:container-demuxer-ogg: 62fdf1f143b41e24485cea50d1cbac27 -> 
  custom:video-decoder-webm-vp8: 9c59270c3fd7afecdb556c50c9e8de78 -> 
  custom:audio-decoder-ogg-vorbis: bf7c407c2cedff20999df2af8eb42d56 -> 
========================================================================
Received Prepare
Registering precompiled user dll's ...
Registered in 0.024948 seconds.
Begin MonoManager ReloadAssembly
Native extension for WindowsStandalone target not found
Native extension for WebGL target not found
Refreshing native plugins compatible for Editor in 1.04 ms, found 2 plugins.
Preloading 0 native plugins for Editor in 0.00 ms.
Mono: successfully reloaded assembly
- Completed reload, in  3.559 seconds
Domain Reload Profiling:
	ReloadAssembly (3561ms)
		BeginReloadAssembly (480ms)
			ExecutionOrderSort (0ms)
			DisableScriptedObjects (29ms)
			BackupInstance (0ms)
			ReleaseScriptingObjects (0ms)
			CreateAndSetChildDomain (107ms)
		EndReloadAssembly (2571ms)
			LoadAssemblies (317ms)
			RebuildTransferFunctionScriptingTraits (0ms)
			SetupTypeCache (746ms)
			ReleaseScriptCaches (2ms)
			RebuildScriptCaches (149ms)
			SetupLoadedEditorAssemblies (1185ms)
				LogAssemblyErrors (0ms)
				InitializePlatformSupportModulesInManaged (56ms)
				SetLoadedEditorAssemblies (2ms)
				RefreshPlugins (1ms)
				BeforeProcessingInitializeOnLoad (236ms)
				ProcessInitializeOnLoadAttributes (730ms)
				ProcessInitializeOnLoadMethodAttributes (117ms)
				AfterProcessingInitializeOnLoad (41ms)
				EditorAssembliesLoaded (1ms)
			ExecutionOrderSort2 (0ms)
			AwakeInstancesAfterBackupRestoration (24ms)
Platform modules already initialized, skipping
Refreshing native plugins compatible for Editor in 8.81 ms, found 2 plugins.
Preloading 0 native plugins for Editor in 0.00 ms.
Unloading 1929 Unused Serialized files (Serialized files now loaded: 0)
Unloading 17 unused Assets / (24.6 KB). Loaded Objects now: 2506.
Memory consumption went from 98.1 MB to 98.1 MB.
Total: 30.663900 ms (FindLiveObjects: 0.656800 ms CreateObjectMapping: 0.441500 ms MarkObjects: 29.486000 ms  DeleteObjects: 0.075100 ms)

AssetImportParameters requested are different than current active one (requested -> active):
  custom:video-decoder-ogg-theora: a1e56fd34408186e4bbccfd4996cb3dc -> 
  custom:container-muxer-webm: aa71ff27fc2769a1b78a27578f13a17b -> 
  custom:container-demuxer-webm: 4f35f7cbe854078d1ac9338744f61a02 -> 
  custom:video-encoder-webm-vp8: eb34c28f22e8b96e1ab97ce403110664 -> 
  custom:video-codec-MediaFoundation-h265: 746d11721c4dcdbdad8f713fa42b33f4 -> 
  custom:audio-encoder-webm-vorbis: bf7c407c2cedff20999df2af8eb42d56 -> 
  custom:framework-win-MediaFoundation: 216162199b28c13a410421893ffa2e32 -> 
  custom:container-demuxer-ogg: 62fdf1f143b41e24485cea50d1cbac27 -> 
  custom:video-decoder-webm-vp8: 9c59270c3fd7afecdb556c50c9e8de78 -> 
  custom:audio-decoder-ogg-vorbis: bf7c407c2cedff20999df2af8eb42d56 -> 
========================================================================
Received Prepare
Registering precompiled user dll's ...
Registered in 0.047391 seconds.
Begin MonoManager ReloadAssembly
Native extension for WindowsStandalone target not found
Native extension for WebGL target not found
Refreshing native plugins compatible for Editor in 1.65 ms, found 2 plugins.
Preloading 0 native plugins for Editor in 0.00 ms.
Mono: successfully reloaded assembly
- Completed reload, in  5.343 seconds
Domain Reload Profiling:
	ReloadAssembly (5349ms)
		BeginReloadAssembly (983ms)
			ExecutionOrderSort (0ms)
			DisableScriptedObjects (59ms)
			BackupInstance (0ms)
			ReleaseScriptingObjects (0ms)
			CreateAndSetChildDomain (193ms)
		EndReloadAssembly (3389ms)
			LoadAssemblies (608ms)
			RebuildTransferFunctionScriptingTraits (0ms)
			SetupTypeCache (989ms)
			ReleaseScriptCaches (2ms)
			RebuildScriptCaches (217ms)
			SetupLoadedEditorAssemblies (1578ms)
				LogAssemblyErrors (0ms)
				InitializePlatformSupportModulesInManaged (78ms)
				SetLoadedEditorAssemblies (2ms)
				RefreshPlugins (2ms)
				BeforeProcessingInitializeOnLoad (241ms)
				ProcessInitializeOnLoadAttributes (984ms)
				ProcessInitializeOnLoadMethodAttributes (183ms)
				AfterProcessingInitializeOnLoad (87ms)
				EditorAssembliesLoaded (1ms)
			ExecutionOrderSort2 (0ms)
			AwakeInstancesAfterBackupRestoration (42ms)
Platform modules already initialized, skipping
Refreshing native plugins compatible for Editor in 9.31 ms, found 2 plugins.
Preloading 0 native plugins for Editor in 0.00 ms.
Unloading 1929 Unused Serialized files (Serialized files now loaded: 0)
Unloading 17 unused Assets / (24.6 KB). Loaded Objects now: 2510.
Memory consumption went from 98.1 MB to 98.1 MB.
Total: 8.904100 ms (FindLiveObjects: 0.341100 ms CreateObjectMapping: 0.151500 ms MarkObjects: 8.363300 ms  DeleteObjects: 0.044300 ms)

AssetImportParameters requested are different than current active one (requested -> active):
  custom:video-decoder-ogg-theora: a1e56fd34408186e4bbccfd4996cb3dc -> 
  custom:container-muxer-webm: aa71ff27fc2769a1b78a27578f13a17b -> 
  custom:container-demuxer-webm: 4f35f7cbe854078d1ac9338744f61a02 -> 
  custom:video-encoder-webm-vp8: eb34c28f22e8b96e1ab97ce403110664 -> 
  custom:video-codec-MediaFoundation-h265: 746d11721c4dcdbdad8f713fa42b33f4 -> 
  custom:audio-encoder-webm-vorbis: bf7c407c2cedff20999df2af8eb42d56 -> 
  custom:framework-win-MediaFoundation: 216162199b28c13a410421893ffa2e32 -> 
  custom:container-demuxer-ogg: 62fdf1f143b41e24485cea50d1cbac27 -> 
  custom:video-decoder-webm-vp8: 9c59270c3fd7afecdb556c50c9e8de78 -> 
  custom:audio-decoder-ogg-vorbis: bf7c407c2cedff20999df2af8eb42d56 -> 
========================================================================
Received Import Request.
  Time since last request: 404.602302 seconds.
  path: Assets/@clone/Resources/Ammo_box.prefab
  artifactKey: Guid(e7152d23c09aee845a9594ff1308f6a8) Importer(815301076,1909f56bfc062723c751e8b465ee728b)
Start importing Assets/@clone/Resources/Ammo_box.prefab using Guid(e7152d23c09aee845a9594ff1308f6a8) Importer(815301076,1909f56bfc062723c751e8b465ee728b)  -> (artifact id: 'f8e320291455a0e47dd7f2099eb7e792') in 0.304982 seconds 
========================================================================
Received Import Request.
  Time since last request: 32.667391 seconds.
  path: Assets/@clone/Resources/Ammo_box.prefab
  artifactKey: Guid(e7152d23c09aee845a9594ff1308f6a8) Importer(815301076,1909f56bfc062723c751e8b465ee728b)
Start importing Assets/@clone/Resources/Ammo_box.prefab using Guid(e7152d23c09aee845a9594ff1308f6a8) Importer(815301076,1909f56bfc062723c751e8b465ee728b)  -> (artifact id: '52bd7355e910457cd760f63acec43aa7') in 0.051425 seconds 
========================================================================
Received Import Request.
  Time since last request: 18.353014 seconds.
  path: Assets/@clone/Resources/Ammo_box.prefab
  artifactKey: Guid(e7152d23c09aee845a9594ff1308f6a8) Importer(815301076,1909f56bfc062723c751e8b465ee728b)
Start importing Assets/@clone/Resources/Ammo_box.prefab using Guid(e7152d23c09aee845a9594ff1308f6a8) Importer(815301076,1909f56bfc062723c751e8b465ee728b)  -> (artifact id: 'eb3d32c54b5ee9e85b8016813516e24f') in 0.054628 seconds 
========================================================================
Received Import Request.
  Time since last request: 5.687629 seconds.
  path: Assets/@clone/Resources/Ammo_box.prefab
  artifactKey: Guid(e7152d23c09aee845a9594ff1308f6a8) Importer(815301076,1909f56bfc062723c751e8b465ee728b)
Start importing Assets/@clone/Resources/Ammo_box.prefab using Guid(e7152d23c09aee845a9594ff1308f6a8) Importer(815301076,1909f56bfc062723c751e8b465ee728b)  -> (artifact id: '36bcdff4294f4b56e887472e704f042b') in 0.041740 seconds 
========================================================================
Received Import Request.
  Time since last request: 31.253886 seconds.
  path: Assets/@clone/Resources/Ammo_box.prefab
  artifactKey: Guid(e7152d23c09aee845a9594ff1308f6a8) Importer(815301076,1909f56bfc062723c751e8b465ee728b)
Start importing Assets/@clone/Resources/Ammo_box.prefab using Guid(e7152d23c09aee845a9594ff1308f6a8) Importer(815301076,1909f56bfc062723c751e8b465ee728b)  -> (artifact id: 'f63e6a552367155bf98f2ba875c603f9') in 0.060587 seconds 
========================================================================
Received Import Request.
  Time since last request: 40.711114 seconds.
  path: Assets/@clone/Resources/Ammo_box.prefab
  artifactKey: Guid(e7152d23c09aee845a9594ff1308f6a8) Importer(815301076,1909f56bfc062723c751e8b465ee728b)
Start importing Assets/@clone/Resources/Ammo_box.prefab using Guid(e7152d23c09aee845a9594ff1308f6a8) Importer(815301076,1909f56bfc062723c751e8b465ee728b)  -> (artifact id: '3d920696e10dfb057b3b1798f43b5a22') in 0.064740 seconds 
========================================================================
Received Import Request.
  Time since last request: 23.435788 seconds.
  path: Assets/@clone/Resources/Ammo_box.prefab
  artifactKey: Guid(e7152d23c09aee845a9594ff1308f6a8) Importer(815301076,1909f56bfc062723c751e8b465ee728b)
Start importing Assets/@clone/Resources/Ammo_box.prefab using Guid(e7152d23c09aee845a9594ff1308f6a8) Importer(815301076,1909f56bfc062723c751e8b465ee728b)  -> (artifact id: '46f049e0910406c308324b5ca7e321a5') in 0.061595 seconds 
========================================================================
Received Import Request.
  Time since last request: 8.240291 seconds.
  path: Assets/@clone/Resources/Ammo_box.prefab
  artifactKey: Guid(e7152d23c09aee845a9594ff1308f6a8) Importer(815301076,1909f56bfc062723c751e8b465ee728b)
Start importing Assets/@clone/Resources/Ammo_box.prefab using Guid(e7152d23c09aee845a9594ff1308f6a8) Importer(815301076,1909f56bfc062723c751e8b465ee728b)  -> (artifact id: '2b2a7d9dd32d959ac4a0f4d20cfd9aba') in 0.064527 seconds 
========================================================================
Received Import Request.
  Time since last request: 10.116754 seconds.
  path: Assets/@clone/Resources/Ammo_box.prefab
  artifactKey: Guid(e7152d23c09aee845a9594ff1308f6a8) Importer(815301076,1909f56bfc062723c751e8b465ee728b)
Start importing Assets/@clone/Resources/Ammo_box.prefab using Guid(e7152d23c09aee845a9594ff1308f6a8) Importer(815301076,1909f56bfc062723c751e8b465ee728b)  -> (artifact id: 'd314830eff854835889a1445aa0a1c3a') in 0.056710 seconds 
========================================================================
Received Import Request.
  Time since last request: 21.267168 seconds.
  path: Assets/@clone/Resources/Ammo_box.prefab
  artifactKey: Guid(e7152d23c09aee845a9594ff1308f6a8) Importer(815301076,1909f56bfc062723c751e8b465ee728b)
Start importing Assets/@clone/Resources/Ammo_box.prefab using Guid(e7152d23c09aee845a9594ff1308f6a8) Importer(815301076,1909f56bfc062723c751e8b465ee728b)  -> (artifact id: 'd5975af40fc14a6cfa8dc0a10445797d') in 0.052238 seconds 
========================================================================
Received Prepare
Registering precompiled user dll's ...
Registered in 0.025583 seconds.
Begin MonoManager ReloadAssembly
Native extension for WindowsStandalone target not found
Native extension for WebGL target not found
Refreshing native plugins compatible for Editor in 1.62 ms, found 2 plugins.
Preloading 0 native plugins for Editor in 0.00 ms.
Mono: successfully reloaded assembly
- Completed reload, in  5.302 seconds
Domain Reload Profiling:
	ReloadAssembly (5305ms)
		BeginReloadAssembly (529ms)
			ExecutionOrderSort (0ms)
			DisableScriptedObjects (15ms)
			BackupInstance (0ms)
			ReleaseScriptingObjects (0ms)
			CreateAndSetChildDomain (198ms)
		EndReloadAssembly (4185ms)
			LoadAssemblies (318ms)
			RebuildTransferFunctionScriptingTraits (0ms)
			SetupTypeCache (1270ms)
			ReleaseScriptCaches (4ms)
			RebuildScriptCaches (327ms)
			SetupLoadedEditorAssemblies (1922ms)
				LogAssemblyErrors (0ms)
				InitializePlatformSupportModulesInManaged (62ms)
				SetLoadedEditorAssemblies (2ms)
				RefreshPlugins (2ms)
				BeforeProcessingInitializeOnLoad (243ms)
				ProcessInitializeOnLoadAttributes (1213ms)
				ProcessInitializeOnLoadMethodAttributes (323ms)
				AfterProcessingInitializeOnLoad (78ms)
				EditorAssembliesLoaded (1ms)
			ExecutionOrderSort2 (0ms)
			AwakeInstancesAfterBackupRestoration (32ms)
Platform modules already initialized, skipping
Refreshing native plugins compatible for Editor in 14.17 ms, found 2 plugins.
Preloading 0 native plugins for Editor in 0.00 ms.
Unloading 1929 Unused Serialized files (Serialized files now loaded: 0)
Unloading 17 unused Assets / (28.8 KB). Loaded Objects now: 2514.
Memory consumption went from 98.1 MB to 98.1 MB.
Total: 15.217900 ms (FindLiveObjects: 0.345800 ms CreateObjectMapping: 0.187700 ms MarkObjects: 14.585300 ms  DeleteObjects: 0.085600 ms)

AssetImportParameters requested are different than current active one (requested -> active):
  custom:video-decoder-ogg-theora: a1e56fd34408186e4bbccfd4996cb3dc -> 
  custom:container-muxer-webm: aa71ff27fc2769a1b78a27578f13a17b -> 
  custom:container-demuxer-webm: 4f35f7cbe854078d1ac9338744f61a02 -> 
  custom:video-encoder-webm-vp8: eb34c28f22e8b96e1ab97ce403110664 -> 
  custom:video-codec-MediaFoundation-h265: 746d11721c4dcdbdad8f713fa42b33f4 -> 
  custom:audio-encoder-webm-vorbis: bf7c407c2cedff20999df2af8eb42d56 -> 
  custom:framework-win-MediaFoundation: 216162199b28c13a410421893ffa2e32 -> 
  custom:container-demuxer-ogg: 62fdf1f143b41e24485cea50d1cbac27 -> 
  custom:video-decoder-webm-vp8: 9c59270c3fd7afecdb556c50c9e8de78 -> 
  custom:audio-decoder-ogg-vorbis: bf7c407c2cedff20999df2af8eb42d56 -> 
========================================================================
Received Import Request.
  Time since last request: 85.129366 seconds.
  path: Assets/@clone/Resources/player.prefab
  artifactKey: Guid(8e398470d2c7f4820aed286f664f369c) Importer(815301076,1909f56bfc062723c751e8b465ee728b)
Start importing Assets/@clone/Resources/player.prefab using Guid(8e398470d2c7f4820aed286f664f369c) Importer(815301076,1909f56bfc062723c751e8b465ee728b)  -> (artifact id: '30181db14a94b065401dd694279e0e9f') in 0.318809 seconds 
========================================================================
Received Prepare
Registering precompiled user dll's ...
Registered in 0.020573 seconds.
Begin MonoManager ReloadAssembly
Native extension for WindowsStandalone target not found
Native extension for WebGL target not found
Refreshing native plugins compatible for Editor in 3.08 ms, found 2 plugins.
Preloading 0 native plugins for Editor in 0.00 ms.
Mono: successfully reloaded assembly
- Completed reload, in  5.305 seconds
Domain Reload Profiling:
	ReloadAssembly (5307ms)
		BeginReloadAssembly (430ms)
			ExecutionOrderSort (0ms)
			DisableScriptedObjects (37ms)
			BackupInstance (0ms)
			ReleaseScriptingObjects (0ms)
			CreateAndSetChildDomain (79ms)
		EndReloadAssembly (3631ms)
			LoadAssemblies (402ms)
			RebuildTransferFunctionScriptingTraits (0ms)
			SetupTypeCache (697ms)
			ReleaseScriptCaches (2ms)
			RebuildScriptCaches (170ms)
			SetupLoadedEditorAssemblies (1884ms)
				LogAssemblyErrors (0ms)
				InitializePlatformSupportModulesInManaged (131ms)
				SetLoadedEditorAssemblies (4ms)
				RefreshPlugins (4ms)
				BeforeProcessingInitializeOnLoad (471ms)
				ProcessInitializeOnLoadAttributes (1107ms)
				ProcessInitializeOnLoadMethodAttributes (118ms)
				AfterProcessingInitializeOnLoad (46ms)
				EditorAssembliesLoaded (2ms)
			ExecutionOrderSort2 (0ms)
			AwakeInstancesAfterBackupRestoration (37ms)
Platform modules already initialized, skipping
Refreshing native plugins compatible for Editor in 8.90 ms, found 2 plugins.
Preloading 0 native plugins for Editor in 0.00 ms.
Unloading 1929 Unused Serialized files (Serialized files now loaded: 0)
Unloading 21 unused Assets / (26.5 KB). Loaded Objects now: 2518.
Memory consumption went from 98.1 MB to 98.1 MB.
Total: 8.759900 ms (FindLiveObjects: 0.315200 ms CreateObjectMapping: 0.206200 ms MarkObjects: 8.083400 ms  DeleteObjects: 0.151200 ms)

AssetImportParameters requested are different than current active one (requested -> active):
  custom:video-decoder-ogg-theora: a1e56fd34408186e4bbccfd4996cb3dc -> 
  custom:container-muxer-webm: aa71ff27fc2769a1b78a27578f13a17b -> 
  custom:container-demuxer-webm: 4f35f7cbe854078d1ac9338744f61a02 -> 
  custom:video-encoder-webm-vp8: eb34c28f22e8b96e1ab97ce403110664 -> 
  custom:video-codec-MediaFoundation-h265: 746d11721c4dcdbdad8f713fa42b33f4 -> 
  custom:audio-encoder-webm-vorbis: bf7c407c2cedff20999df2af8eb42d56 -> 
  custom:framework-win-MediaFoundation: 216162199b28c13a410421893ffa2e32 -> 
  custom:container-demuxer-ogg: 62fdf1f143b41e24485cea50d1cbac27 -> 
  custom:video-decoder-webm-vp8: 9c59270c3fd7afecdb556c50c9e8de78 -> 
  custom:audio-decoder-ogg-vorbis: bf7c407c2cedff20999df2af8eb42d56 -> 
========================================================================
Received Import Request.
  Time since last request: 182.862307 seconds.
  path: Assets/@clone/Resources/player.prefab
  artifactKey: Guid(8e398470d2c7f4820aed286f664f369c) Importer(815301076,1909f56bfc062723c751e8b465ee728b)
Start importing Assets/@clone/Resources/player.prefab using Guid(8e398470d2c7f4820aed286f664f369c) Importer(815301076,1909f56bfc062723c751e8b465ee728b)  -> (artifact id: '3d8d911f9b7814ec7e0995b7095eb756') in 0.354507 seconds 
========================================================================
Received Prepare
Registering precompiled user dll's ...
Registered in 0.030825 seconds.
Begin MonoManager ReloadAssembly
Native extension for WindowsStandalone target not found
Native extension for WebGL target not found
Refreshing native plugins compatible for Editor in 1.77 ms, found 2 plugins.
Preloading 0 native plugins for Editor in 0.00 ms.
Mono: successfully reloaded assembly
- Completed reload, in  3.736 seconds
Domain Reload Profiling:
	ReloadAssembly (3739ms)
		BeginReloadAssembly (440ms)
			ExecutionOrderSort (0ms)
			DisableScriptedObjects (33ms)
			BackupInstance (0ms)
			ReleaseScriptingObjects (0ms)
			CreateAndSetChildDomain (94ms)
		EndReloadAssembly (2843ms)
			LoadAssemblies (299ms)
			RebuildTransferFunctionScriptingTraits (0ms)
			SetupTypeCache (781ms)
			ReleaseScriptCaches (3ms)
			RebuildScriptCaches (161ms)
			SetupLoadedEditorAssemblies (1364ms)
				LogAssemblyErrors (0ms)
				InitializePlatformSupportModulesInManaged (82ms)
				SetLoadedEditorAssemblies (3ms)
				RefreshPlugins (2ms)
				BeforeProcessingInitializeOnLoad (239ms)
				ProcessInitializeOnLoadAttributes (846ms)
				ProcessInitializeOnLoadMethodAttributes (136ms)
				AfterProcessingInitializeOnLoad (56ms)
				EditorAssembliesLoaded (1ms)
			ExecutionOrderSort2 (0ms)
			AwakeInstancesAfterBackupRestoration (29ms)
Platform modules already initialized, skipping
Refreshing native plugins compatible for Editor in 8.01 ms, found 2 plugins.
Preloading 0 native plugins for Editor in 0.00 ms.
Unloading 1929 Unused Serialized files (Serialized files now loaded: 0)
Unloading 21 unused Assets / (26.5 KB). Loaded Objects now: 2522.
Memory consumption went from 98.2 MB to 98.1 MB.
Total: 8.757100 ms (FindLiveObjects: 0.421500 ms CreateObjectMapping: 0.310700 ms MarkObjects: 7.804000 ms  DeleteObjects: 0.216200 ms)

AssetImportParameters requested are different than current active one (requested -> active):
  custom:video-decoder-ogg-theora: a1e56fd34408186e4bbccfd4996cb3dc -> 
  custom:container-muxer-webm: aa71ff27fc2769a1b78a27578f13a17b -> 
  custom:container-demuxer-webm: 4f35f7cbe854078d1ac9338744f61a02 -> 
  custom:video-encoder-webm-vp8: eb34c28f22e8b96e1ab97ce403110664 -> 
  custom:video-codec-MediaFoundation-h265: 746d11721c4dcdbdad8f713fa42b33f4 -> 
  custom:audio-encoder-webm-vorbis: bf7c407c2cedff20999df2af8eb42d56 -> 
  custom:framework-win-MediaFoundation: 216162199b28c13a410421893ffa2e32 -> 
  custom:container-demuxer-ogg: 62fdf1f143b41e24485cea50d1cbac27 -> 
  custom:video-decoder-webm-vp8: 9c59270c3fd7afecdb556c50c9e8de78 -> 
  custom:audio-decoder-ogg-vorbis: bf7c407c2cedff20999df2af8eb42d56 -> 
========================================================================
Received Prepare
Registering precompiled user dll's ...
Registered in 0.024886 seconds.
Begin MonoManager ReloadAssembly
Native extension for WindowsStandalone target not found
Native extension for WebGL target not found
Refreshing native plugins compatible for Editor in 1.53 ms, found 2 plugins.
Preloading 0 native plugins for Editor in 0.00 ms.
Mono: successfully reloaded assembly
- Completed reload, in  4.906 seconds
Domain Reload Profiling:
	ReloadAssembly (4910ms)
		BeginReloadAssembly (415ms)
			ExecutionOrderSort (0ms)
			DisableScriptedObjects (23ms)
			BackupInstance (0ms)
			ReleaseScriptingObjects (0ms)
			CreateAndSetChildDomain (85ms)
		EndReloadAssembly (3742ms)
			LoadAssemblies (385ms)
			RebuildTransferFunctionScriptingTraits (0ms)
			SetupTypeCache (1158ms)
			ReleaseScriptCaches (3ms)
			RebuildScriptCaches (156ms)
			SetupLoadedEditorAssemblies (1751ms)
				LogAssemblyErrors (0ms)
				InitializePlatformSupportModulesInManaged (94ms)
				SetLoadedEditorAssemblies (2ms)
				RefreshPlugins (2ms)
				BeforeProcessingInitializeOnLoad (304ms)
				ProcessInitializeOnLoadAttributes (1111ms)
				ProcessInitializeOnLoadMethodAttributes (178ms)
				AfterProcessingInitializeOnLoad (58ms)
				EditorAssembliesLoaded (1ms)
			ExecutionOrderSort2 (0ms)
			AwakeInstancesAfterBackupRestoration (47ms)
Platform modules already initialized, skipping
Refreshing native plugins compatible for Editor in 10.64 ms, found 2 plugins.
Preloading 0 native plugins for Editor in 0.00 ms.
Unloading 1929 Unused Serialized files (Serialized files now loaded: 0)
Unloading 17 unused Assets / (24.7 KB). Loaded Objects now: 2526.
Memory consumption went from 98.2 MB to 98.1 MB.
Total: 12.477200 ms (FindLiveObjects: 1.139900 ms CreateObjectMapping: 0.965100 ms MarkObjects: 10.281300 ms  DeleteObjects: 0.085300 ms)

AssetImportParameters requested are different than current active one (requested -> active):
  custom:video-decoder-ogg-theora: a1e56fd34408186e4bbccfd4996cb3dc -> 
  custom:container-muxer-webm: aa71ff27fc2769a1b78a27578f13a17b -> 
  custom:container-demuxer-webm: 4f35f7cbe854078d1ac9338744f61a02 -> 
  custom:video-encoder-webm-vp8: eb34c28f22e8b96e1ab97ce403110664 -> 
  custom:video-codec-MediaFoundation-h265: 746d11721c4dcdbdad8f713fa42b33f4 -> 
  custom:audio-encoder-webm-vorbis: bf7c407c2cedff20999df2af8eb42d56 -> 
  custom:framework-win-MediaFoundation: 216162199b28c13a410421893ffa2e32 -> 
  custom:container-demuxer-ogg: 62fdf1f143b41e24485cea50d1cbac27 -> 
  custom:video-decoder-webm-vp8: 9c59270c3fd7afecdb556c50c9e8de78 -> 
  custom:audio-decoder-ogg-vorbis: bf7c407c2cedff20999df2af8eb42d56 -> 
========================================================================
Received Import Request.
  Time since last request: 85.936436 seconds.
  path: Assets/@Scenes/PlayScene.unity
  artifactKey: Guid(9fc0d4010bbf28b4594072e72b8655ab) Importer(815301076,1909f56bfc062723c751e8b465ee728b)
Start importing Assets/@Scenes/PlayScene.unity using Guid(9fc0d4010bbf28b4594072e72b8655ab) Importer(815301076,1909f56bfc062723c751e8b465ee728b)  -> (artifact id: '7df2c2624097ab8254b697cae79a0993') in 0.033954 seconds 
========================================================================
Received Import Request.
  Time since last request: 41.993814 seconds.
  path: Assets/russian_buildings/scenes/betontexture.jpg
  artifactKey: Guid(0a5be8e9fa1ac2941ada1fe04091b4a7) Importer(815301076,1909f56bfc062723c751e8b465ee728b)
Start importing Assets/russian_buildings/scenes/betontexture.jpg using Guid(0a5be8e9fa1ac2941ada1fe04091b4a7) Importer(815301076,1909f56bfc062723c751e8b465ee728b)  -> (artifact id: '1438a84fd69c90df8880bfdc49c38590') in 0.219824 seconds 
========================================================================
Received Import Request.
  Time since last request: 0.000068 seconds.
  path: Assets/Photon/PhotonUnityNetworking/Demos/Shared Assets/Skin/Orbitron Black.ttf
  artifactKey: Guid(495c9e2a934bcc640a8d7427b13cb680) Importer(815301076,1909f56bfc062723c751e8b465ee728b)
Start importing Assets/Photon/PhotonUnityNetworking/Demos/Shared Assets/Skin/Orbitron Black.ttf using Guid(495c9e2a934bcc640a8d7427b13cb680) Importer(815301076,1909f56bfc062723c751e8b465ee728b)  -> (artifact id: '6ddb6e71f7d1cba366ef83f4351ffb52') in 0.594571 seconds 
========================================================================
Received Import Request.
  Time since last request: 0.000082 seconds.
  path: Assets/Roboto_Slab/RobotoSlab-VariableFont_wght.ttf
  artifactKey: Guid(f19f453a45fe341579bbd145ace634aa) Importer(815301076,1909f56bfc062723c751e8b465ee728b)
Start importing Assets/Roboto_Slab/RobotoSlab-VariableFont_wght.ttf using Guid(f19f453a45fe341579bbd145ace634aa) Importer(815301076,1909f56bfc062723c751e8b465ee728b)  -> (artifact id: 'cd8bd5fa45c5646fa91eab91fad5f814') in 0.097023 seconds 
========================================================================
Received Import Request.
  Time since last request: 0.000047 seconds.
  path: Assets/Photon/PhotonUnityNetworking/Demos/Shared Assets/Skin/BoxTextHover.png
  artifactKey: Guid(13154691f37c1884c865b54d8bd29d6e) Importer(815301076,1909f56bfc062723c751e8b465ee728b)
Start importing Assets/Photon/PhotonUnityNetworking/Demos/Shared Assets/Skin/BoxTextHover.png using Guid(13154691f37c1884c865b54d8bd29d6e) Importer(815301076,1909f56bfc062723c751e8b465ee728b)  -> (artifact id: '11f3253ba86a8569169ec5e35d018220') in 0.060512 seconds 
========================================================================
Received Import Request.
  Time since last request: 0.074315 seconds.
  path: Assets/Roboto_Slab/static/RobotoSlab-Black.ttf
  artifactKey: Guid(b65d93fdc0bab455282e60c2b51305b7) Importer(815301076,1909f56bfc062723c751e8b465ee728b)
Start importing Assets/Roboto_Slab/static/RobotoSlab-Black.ttf using Guid(b65d93fdc0bab455282e60c2b51305b7) Importer(815301076,1909f56bfc062723c751e8b465ee728b)  -> (artifact id: '7d32973efb3a410192260c73269969f0') in 0.071672 seconds 
========================================================================
Received Import Request.
  Time since last request: 0.000072 seconds.
  path: Assets/Roboto_Slab/static/RobotoSlab-Light.ttf
  artifactKey: Guid(b7ceac616c787458dbf037f40345b5b1) Importer(815301076,1909f56bfc062723c751e8b465ee728b)
Start importing Assets/Roboto_Slab/static/RobotoSlab-Light.ttf using Guid(b7ceac616c787458dbf037f40345b5b1) Importer(815301076,1909f56bfc062723c751e8b465ee728b)  -> (artifact id: '1c8c4abd7116f6070240fc65bd721a0a') in 0.076708 seconds 
========================================================================
Received Import Request.
  Time since last request: 0.000062 seconds.
  path: Assets/Roboto_Slab/static/RobotoSlab-SemiBold.ttf
  artifactKey: Guid(39c207e1bcd0840c39a91f3d7235273a) Importer(815301076,1909f56bfc062723c751e8b465ee728b)
Start importing Assets/Roboto_Slab/static/RobotoSlab-SemiBold.ttf using Guid(39c207e1bcd0840c39a91f3d7235273a) Importer(815301076,1909f56bfc062723c751e8b465ee728b)  -> (artifact id: 'e51769286babfc2f4259302fce656b7e') in 0.078510 seconds 
========================================================================
Received Import Request.
  Time since last request: 0.000065 seconds.
  path: Assets/Roboto_Slab/static/RobotoSlab-Regular.ttf
  artifactKey: Guid(6b6a25ef0b3864bc19684ff67ffd0e17) Importer(815301076,1909f56bfc062723c751e8b465ee728b)
Start importing Assets/Roboto_Slab/static/RobotoSlab-Regular.ttf using Guid(6b6a25ef0b3864bc19684ff67ffd0e17) Importer(815301076,1909f56bfc062723c751e8b465ee728b)  -> (artifact id: 'd1895a82d7d3e2e17e70987096327a0b') in 0.072005 seconds 
========================================================================
Received Import Request.
  Time since last request: 0.146964 seconds.
  path: Assets/Roboto_Slab/static/RobotoSlab-Thin.ttf
  artifactKey: Guid(158a5b09f75c543e6b83ee48408f879b) Importer(815301076,1909f56bfc062723c751e8b465ee728b)
Start importing Assets/Roboto_Slab/static/RobotoSlab-Thin.ttf using Guid(158a5b09f75c543e6b83ee48408f879b) Importer(815301076,1909f56bfc062723c751e8b465ee728b)  -> (artifact id: 'ec270cb294e1e7ec8b7e8d0f9d1c4618') in 0.090295 seconds 
========================================================================
Received Import Request.
  Time since last request: 0.000049 seconds.
  path: Assets/Photon/PhotonUnityNetworking/Demos/Shared Assets/Textures/UnitTextureBlue.png
  artifactKey: Guid(bf44fd0b5bb0c4142b16ba9db02789fc) Importer(815301076,1909f56bfc062723c751e8b465ee728b)
Start importing Assets/Photon/PhotonUnityNetworking/Demos/Shared Assets/Textures/UnitTextureBlue.png using Guid(bf44fd0b5bb0c4142b16ba9db02789fc) Importer(815301076,1909f56bfc062723c751e8b465ee728b)  -> (artifact id: 'bff057c7c79236a68d5339f16193b597') in 0.059399 seconds 
========================================================================
Received Import Request.
  Time since last request: 0.000049 seconds.
  path: Assets/Photon/PhotonUnityNetworking/Demos/Shared Assets/Materials/UnitCircleTexture.mat
  artifactKey: Guid(80114bc117609cd4e9c988f8692e7a68) Importer(815301076,1909f56bfc062723c751e8b465ee728b)
Start importing Assets/Photon/PhotonUnityNetworking/Demos/Shared Assets/Materials/UnitCircleTexture.mat using Guid(80114bc117609cd4e9c988f8692e7a68) Importer(815301076,1909f56bfc062723c751e8b465ee728b)  -> (artifact id: '90cbc0000d7ee59ce5fd39dbf690f64f') in 0.741736 seconds 
========================================================================
Received Import Request.
  Time since last request: 0.000051 seconds.
  path: Assets/Photon/PhotonUnityNetworking/Demos/Shared Assets/Materials/UnitTextureBlue12x.mat
  artifactKey: Guid(c676d877ef241ab4686e2f237b1e2f13) Importer(815301076,1909f56bfc062723c751e8b465ee728b)
Start importing Assets/Photon/PhotonUnityNetworking/Demos/Shared Assets/Materials/UnitTextureBlue12x.mat using Guid(c676d877ef241ab4686e2f237b1e2f13) Importer(815301076,1909f56bfc062723c751e8b465ee728b)  -> (artifact id: '2050902a1b16fd8aa444a6a348b51e2c') in 0.063622 seconds 
========================================================================
Received Import Request.
  Time since last request: 1.239872 seconds.
  path: Assets/@Split/text.cs
  artifactKey: Guid(a0b6f1cdb28c64a728304079c81a9fb3) Importer(815301076,1909f56bfc062723c751e8b465ee728b)
Start importing Assets/@Split/text.cs using Guid(a0b6f1cdb28c64a728304079c81a9fb3) Importer(815301076,1909f56bfc062723c751e8b465ee728b)  -> (artifact id: '05388c54f8612bece1899679b05e53ea') in 0.019267 seconds 
========================================================================
Received Import Request.
  Time since last request: 11.789165 seconds.
  path: Assets/Photon/PhotonUnityNetworking/UtilityScripts/UI/TextButtonTransition.cs
  artifactKey: Guid(9d234639538a34b8d9e3cc6362a7afd0) Importer(815301076,1909f56bfc062723c751e8b465ee728b)
Start importing Assets/Photon/PhotonUnityNetworking/UtilityScripts/UI/TextButtonTransition.cs using Guid(9d234639538a34b8d9e3cc6362a7afd0) Importer(815301076,1909f56bfc062723c751e8b465ee728b)  -> (artifact id: '77690801da36a32fbfe02a685dc5eef4') in 0.016625 seconds 
========================================================================
Received Import Request.
  Time since last request: 1.770806 seconds.
  path: Assets/Photon/PhotonChat/Demos/Common/TextButtonTransition.cs
  artifactKey: Guid(060fe8295761a47268586d33ef5673e0) Importer(815301076,1909f56bfc062723c751e8b465ee728b)
Start importing Assets/Photon/PhotonChat/Demos/Common/TextButtonTransition.cs using Guid(060fe8295761a47268586d33ef5673e0) Importer(815301076,1909f56bfc062723c751e8b465ee728b)  -> (artifact id: '2a745f08d9b87f82814041359b4cfa0b') in 0.007820 seconds 
========================================================================
Received Import Request.
  Time since last request: 0.671724 seconds.
  path: Assets/Photon/PhotonUnityNetworking/UtilityScripts/UI/TextToggleIsOnTransition.cs
  artifactKey: Guid(ec99d371d7c8e44899ce4b834dfd4d6a) Importer(815301076,1909f56bfc062723c751e8b465ee728b)
Start importing Assets/Photon/PhotonUnityNetworking/UtilityScripts/UI/TextToggleIsOnTransition.cs using Guid(ec99d371d7c8e44899ce4b834dfd4d6a) Importer(815301076,1909f56bfc062723c751e8b465ee728b)  -> (artifact id: 'b775a0a810d3f71c53d73816aa2838af') in 0.017434 seconds 
========================================================================
Received Import Request.
  Time since last request: 1.313865 seconds.
  path: Assets/Photon/PhotonChat/Demos/Common/TextToggleIsOnTransition.cs
  artifactKey: Guid(1e808171e8963498bb1db072a977d750) Importer(815301076,1909f56bfc062723c751e8b465ee728b)
Start importing Assets/Photon/PhotonChat/Demos/Common/TextToggleIsOnTransition.cs using Guid(1e808171e8963498bb1db072a977d750) Importer(815301076,1909f56bfc062723c751e8b465ee728b)  -> (artifact id: '23ce6708c0d5fd8a093cbefdd9014089') in 0.006148 seconds 
========================================================================
Received Import Request.
  Time since last request: 610.919429 seconds.
  path: Assets/@clone/Resources/player_.prefab
  artifactKey: Guid(de0d567fd3c904ab0b6d953e009d39da) Importer(815301076,1909f56bfc062723c751e8b465ee728b)
Start importing Assets/@clone/Resources/player_.prefab using Guid(de0d567fd3c904ab0b6d953e009d39da) Importer(815301076,1909f56bfc062723c751e8b465ee728b)  -> (artifact id: '355b65c93502c36417a15fa876e1b14e') in 0.150964 seconds 
========================================================================
Received Import Request.
  Time since last request: 1.015775 seconds.
  path: Assets/@clone/Resources/player.prefab
  artifactKey: Guid(8e398470d2c7f4820aed286f664f369c) Importer(815301076,1909f56bfc062723c751e8b465ee728b)
Start importing Assets/@clone/Resources/player.prefab using Guid(8e398470d2c7f4820aed286f664f369c) Importer(815301076,1909f56bfc062723c751e8b465ee728b)  -> (artifact id: '96958d2bf11127ea2f7881560fd086c7') in 0.100084 seconds 
========================================================================
Received Import Request.
  Time since last request: 9.588864 seconds.
  path: Assets/@clone/Resources/player.prefab
  artifactKey: Guid(8e398470d2c7f4820aed286f664f369c) Importer(815301076,1909f56bfc062723c751e8b465ee728b)
Start importing Assets/@clone/Resources/player.prefab using Guid(8e398470d2c7f4820aed286f664f369c) Importer(815301076,1909f56bfc062723c751e8b465ee728b)  -> (artifact id: '618d4aa4c68d969b2b31e6b85c3956fc') in 0.055767 seconds 
========================================================================
Received Prepare
Registering precompiled user dll's ...
Registered in 0.026216 seconds.
Begin MonoManager ReloadAssembly
Native extension for WindowsStandalone target not found
Native extension for WebGL target not found
Refreshing native plugins compatible for Editor in 1.10 ms, found 2 plugins.
Preloading 0 native plugins for Editor in 0.00 ms.
Mono: successfully reloaded assembly
- Completed reload, in  3.821 seconds
Domain Reload Profiling:
	ReloadAssembly (3824ms)
		BeginReloadAssembly (510ms)
			ExecutionOrderSort (0ms)
			DisableScriptedObjects (21ms)
			BackupInstance (0ms)
			ReleaseScriptingObjects (0ms)
			CreateAndSetChildDomain (125ms)
		EndReloadAssembly (2788ms)
			LoadAssemblies (351ms)
			RebuildTransferFunctionScriptingTraits (0ms)
			SetupTypeCache (847ms)
			ReleaseScriptCaches (3ms)
			RebuildScriptCaches (181ms)
			SetupLoadedEditorAssemblies (1289ms)
				LogAssemblyErrors (0ms)
				InitializePlatformSupportModulesInManaged (56ms)
				SetLoadedEditorAssemblies (2ms)
				RefreshPlugins (1ms)
				BeforeProcessingInitializeOnLoad (265ms)
				ProcessInitializeOnLoadAttributes (809ms)
				ProcessInitializeOnLoadMethodAttributes (114ms)
				AfterProcessingInitializeOnLoad (40ms)
				EditorAssembliesLoaded (1ms)
			ExecutionOrderSort2 (0ms)
			AwakeInstancesAfterBackupRestoration (26ms)
Platform modules already initialized, skipping
Refreshing native plugins compatible for Editor in 8.82 ms, found 2 plugins.
Preloading 0 native plugins for Editor in 0.00 ms.
Unloading 1929 Unused Serialized files (Serialized files now loaded: 0)
Unloading 21 unused Assets / (26.5 KB). Loaded Objects now: 2536.
Memory consumption went from 98.5 MB to 98.4 MB.
Total: 9.944400 ms (FindLiveObjects: 0.318500 ms CreateObjectMapping: 0.175400 ms MarkObjects: 9.296100 ms  DeleteObjects: 0.151000 ms)

AssetImportParameters requested are different than current active one (requested -> active):
  custom:video-decoder-ogg-theora: a1e56fd34408186e4bbccfd4996cb3dc -> 
  custom:container-muxer-webm: aa71ff27fc2769a1b78a27578f13a17b -> 
  custom:container-demuxer-webm: 4f35f7cbe854078d1ac9338744f61a02 -> 
  custom:video-encoder-webm-vp8: eb34c28f22e8b96e1ab97ce403110664 -> 
  custom:video-codec-MediaFoundation-h265: 746d11721c4dcdbdad8f713fa42b33f4 -> 
  custom:audio-encoder-webm-vorbis: bf7c407c2cedff20999df2af8eb42d56 -> 
  custom:framework-win-MediaFoundation: 216162199b28c13a410421893ffa2e32 -> 
  custom:container-demuxer-ogg: 62fdf1f143b41e24485cea50d1cbac27 -> 
  custom:video-decoder-webm-vp8: 9c59270c3fd7afecdb556c50c9e8de78 -> 
  custom:audio-decoder-ogg-vorbis: bf7c407c2cedff20999df2af8eb42d56 -> 
========================================================================
Received Import Request.
  Time since last request: 13.767677 seconds.
  path: Assets/@clone/Resources/player.prefab
  artifactKey: Guid(8e398470d2c7f4820aed286f664f369c) Importer(815301076,1909f56bfc062723c751e8b465ee728b)
Start importing Assets/@clone/Resources/player.prefab using Guid(8e398470d2c7f4820aed286f664f369c) Importer(815301076,1909f56bfc062723c751e8b465ee728b)  -> (artifact id: 'ee980a4a1ee10f2b48f7ee4b0089bb3d') in 0.350592 seconds 
========================================================================
Received Import Request.
  Time since last request: 65.944057 seconds.
  path: Assets/@clone/Resources/player.prefab
  artifactKey: Guid(8e398470d2c7f4820aed286f664f369c) Importer(815301076,1909f56bfc062723c751e8b465ee728b)
Start importing Assets/@clone/Resources/player.prefab using Guid(8e398470d2c7f4820aed286f664f369c) Importer(815301076,1909f56bfc062723c751e8b465ee728b)  -> (artifact id: '1fdf5919f6decb32b979a0f81c1cc689') in 0.057343 seconds 
========================================================================
Received Import Request.
  Time since last request: 0.013681 seconds.
  path: Assets/@clone/Resources/player_.prefab
  artifactKey: Guid(de0d567fd3c904ab0b6d953e009d39da) Importer(815301076,1909f56bfc062723c751e8b465ee728b)
Start importing Assets/@clone/Resources/player_.prefab using Guid(de0d567fd3c904ab0b6d953e009d39da) Importer(815301076,1909f56bfc062723c751e8b465ee728b)  -> (artifact id: '05f3c8027da7953214a507accaf86c09') in 0.029497 seconds 
========================================================================
Received Prepare
Registering precompiled user dll's ...
Registered in 0.029757 seconds.
Begin MonoManager ReloadAssembly
Native extension for WindowsStandalone target not found
Native extension for WebGL target not found
Refreshing native plugins compatible for Editor in 1.17 ms, found 2 plugins.
Preloading 0 native plugins for Editor in 0.00 ms.
Mono: successfully reloaded assembly
- Completed reload, in  3.806 seconds
Domain Reload Profiling:
	ReloadAssembly (3809ms)
		BeginReloadAssembly (457ms)
			ExecutionOrderSort (0ms)
			DisableScriptedObjects (15ms)
			BackupInstance (0ms)
			ReleaseScriptingObjects (0ms)
			CreateAndSetChildDomain (97ms)
		EndReloadAssembly (2882ms)
			LoadAssemblies (343ms)
			RebuildTransferFunctionScriptingTraits (0ms)
			SetupTypeCache (872ms)
			ReleaseScriptCaches (2ms)
			RebuildScriptCaches (161ms)
			SetupLoadedEditorAssemblies (1298ms)
				LogAssemblyErrors (0ms)
				InitializePlatformSupportModulesInManaged (60ms)
				SetLoadedEditorAssemblies (2ms)
				RefreshPlugins (1ms)
				BeforeProcessingInitializeOnLoad (264ms)
				ProcessInitializeOnLoadAttributes (812ms)
				ProcessInitializeOnLoadMethodAttributes (117ms)
				AfterProcessingInitializeOnLoad (40ms)
				EditorAssembliesLoaded (1ms)
			ExecutionOrderSort2 (0ms)
			AwakeInstancesAfterBackupRestoration (29ms)
Platform modules already initialized, skipping
Refreshing native plugins compatible for Editor in 8.35 ms, found 2 plugins.
Preloading 0 native plugins for Editor in 0.00 ms.
Unloading 1929 Unused Serialized files (Serialized files now loaded: 0)
Unloading 21 unused Assets / (26.5 KB). Loaded Objects now: 2540.
Memory consumption went from 98.5 MB to 98.4 MB.
Total: 8.168100 ms (FindLiveObjects: 0.496600 ms CreateObjectMapping: 0.245100 ms MarkObjects: 7.192800 ms  DeleteObjects: 0.229300 ms)

AssetImportParameters requested are different than current active one (requested -> active):
  custom:video-decoder-ogg-theora: a1e56fd34408186e4bbccfd4996cb3dc -> 
  custom:container-muxer-webm: aa71ff27fc2769a1b78a27578f13a17b -> 
  custom:container-demuxer-webm: 4f35f7cbe854078d1ac9338744f61a02 -> 
  custom:video-encoder-webm-vp8: eb34c28f22e8b96e1ab97ce403110664 -> 
  custom:video-codec-MediaFoundation-h265: 746d11721c4dcdbdad8f713fa42b33f4 -> 
  custom:audio-encoder-webm-vorbis: bf7c407c2cedff20999df2af8eb42d56 -> 
  custom:framework-win-MediaFoundation: 216162199b28c13a410421893ffa2e32 -> 
  custom:container-demuxer-ogg: 62fdf1f143b41e24485cea50d1cbac27 -> 
  custom:video-decoder-webm-vp8: 9c59270c3fd7afecdb556c50c9e8de78 -> 
  custom:audio-decoder-ogg-vorbis: bf7c407c2cedff20999df2af8eb42d56 -> 
========================================================================
Received Prepare
Registering precompiled user dll's ...
Registered in 0.024042 seconds.
Begin MonoManager ReloadAssembly
Native extension for WindowsStandalone target not found
Native extension for WebGL target not found
Refreshing native plugins compatible for Editor in 0.94 ms, found 2 plugins.
Preloading 0 native plugins for Editor in 0.00 ms.
Mono: successfully reloaded assembly
- Completed reload, in  3.865 seconds
Domain Reload Profiling:
	ReloadAssembly (3868ms)
		BeginReloadAssembly (497ms)
			ExecutionOrderSort (0ms)
			DisableScriptedObjects (21ms)
			BackupInstance (0ms)
			ReleaseScriptingObjects (0ms)
			CreateAndSetChildDomain (92ms)
		EndReloadAssembly (2825ms)
			LoadAssemblies (375ms)
			RebuildTransferFunctionScriptingTraits (0ms)
			SetupTypeCache (831ms)
			ReleaseScriptCaches (3ms)
			RebuildScriptCaches (162ms)
			SetupLoadedEditorAssemblies (1259ms)
				LogAssemblyErrors (0ms)
				InitializePlatformSupportModulesInManaged (68ms)
				SetLoadedEditorAssemblies (2ms)
				RefreshPlugins (1ms)
				BeforeProcessingInitializeOnLoad (201ms)
				ProcessInitializeOnLoadAttributes (842ms)
				ProcessInitializeOnLoadMethodAttributes (114ms)
				AfterProcessingInitializeOnLoad (29ms)
				EditorAssembliesLoaded (0ms)
			ExecutionOrderSort2 (0ms)
			AwakeInstancesAfterBackupRestoration (21ms)
Platform modules already initialized, skipping
Refreshing native plugins compatible for Editor in 8.80 ms, found 2 plugins.
Preloading 0 native plugins for Editor in 0.00 ms.
Unloading 1929 Unused Serialized files (Serialized files now loaded: 0)
Unloading 17 unused Assets / (24.7 KB). Loaded Objects now: 2544.
Memory consumption went from 98.5 MB to 98.4 MB.
Total: 7.659700 ms (FindLiveObjects: 0.483700 ms CreateObjectMapping: 0.261400 ms MarkObjects: 6.868400 ms  DeleteObjects: 0.042100 ms)

AssetImportParameters requested are different than current active one (requested -> active):
  custom:video-decoder-ogg-theora: a1e56fd34408186e4bbccfd4996cb3dc -> 
  custom:container-muxer-webm: aa71ff27fc2769a1b78a27578f13a17b -> 
  custom:container-demuxer-webm: 4f35f7cbe854078d1ac9338744f61a02 -> 
  custom:video-encoder-webm-vp8: eb34c28f22e8b96e1ab97ce403110664 -> 
  custom:video-codec-MediaFoundation-h265: 746d11721c4dcdbdad8f713fa42b33f4 -> 
  custom:audio-encoder-webm-vorbis: bf7c407c2cedff20999df2af8eb42d56 -> 
  custom:framework-win-MediaFoundation: 216162199b28c13a410421893ffa2e32 -> 
  custom:container-demuxer-ogg: 62fdf1f143b41e24485cea50d1cbac27 -> 
  custom:video-decoder-webm-vp8: 9c59270c3fd7afecdb556c50c9e8de78 -> 
  custom:audio-decoder-ogg-vorbis: bf7c407c2cedff20999df2af8eb42d56 -> 
========================================================================
Received Import Request.
  Time since last request: 287.501007 seconds.
  path: Assets/@clone/Resources/player.prefab
  artifactKey: Guid(8e398470d2c7f4820aed286f664f369c) Importer(815301076,1909f56bfc062723c751e8b465ee728b)
Start importing Assets/@clone/Resources/player.prefab using Guid(8e398470d2c7f4820aed286f664f369c) Importer(815301076,1909f56bfc062723c751e8b465ee728b)  -> (artifact id: 'f617f7f8d7df303ad4b81e8259c2f8ef') in 0.424817 seconds 
========================================================================
Received Prepare
Registering precompiled user dll's ...
Registered in 0.034012 seconds.
Begin MonoManager ReloadAssembly
Native extension for WindowsStandalone target not found
Native extension for WebGL target not found
Refreshing native plugins compatible for Editor in 1.70 ms, found 2 plugins.
Preloading 0 native plugins for Editor in 0.00 ms.
Mono: successfully reloaded assembly
- Completed reload, in  8.486 seconds
Domain Reload Profiling:
	ReloadAssembly (8488ms)
		BeginReloadAssembly (527ms)
			ExecutionOrderSort (0ms)
			DisableScriptedObjects (24ms)
			BackupInstance (0ms)
			ReleaseScriptingObjects (0ms)
			CreateAndSetChildDomain (122ms)
		EndReloadAssembly (6528ms)
			LoadAssemblies (1640ms)
			RebuildTransferFunctionScriptingTraits (0ms)
			SetupTypeCache (2451ms)
			ReleaseScriptCaches (3ms)
			RebuildScriptCaches (303ms)
			SetupLoadedEditorAssemblies (1720ms)
				LogAssemblyErrors (0ms)
				InitializePlatformSupportModulesInManaged (71ms)
				SetLoadedEditorAssemblies (3ms)
				RefreshPlugins (2ms)
				BeforeProcessingInitializeOnLoad (211ms)
				ProcessInitializeOnLoadAttributes (1187ms)
				ProcessInitializeOnLoadMethodAttributes (185ms)
				AfterProcessingInitializeOnLoad (61ms)
				EditorAssembliesLoaded (1ms)
			ExecutionOrderSort2 (0ms)
			AwakeInstancesAfterBackupRestoration (38ms)
Platform modules already initialized, skipping
Refreshing native plugins compatible for Editor in 16.03 ms, found 2 plugins.
Preloading 0 native plugins for Editor in 0.00 ms.
Unloading 1929 Unused Serialized files (Serialized files now loaded: 0)
Unloading 21 unused Assets / (26.4 KB). Loaded Objects now: 2548.
Memory consumption went from 98.5 MB to 98.5 MB.
Total: 14.406800 ms (FindLiveObjects: 0.501100 ms CreateObjectMapping: 0.393200 ms MarkObjects: 13.255900 ms  DeleteObjects: 0.250700 ms)

AssetImportParameters requested are different than current active one (requested -> active):
  custom:video-decoder-ogg-theora: a1e56fd34408186e4bbccfd4996cb3dc -> 
  custom:container-muxer-webm: aa71ff27fc2769a1b78a27578f13a17b -> 
  custom:container-demuxer-webm: 4f35f7cbe854078d1ac9338744f61a02 -> 
  custom:video-encoder-webm-vp8: eb34c28f22e8b96e1ab97ce403110664 -> 
  custom:video-codec-MediaFoundation-h265: 746d11721c4dcdbdad8f713fa42b33f4 -> 
  custom:audio-encoder-webm-vorbis: bf7c407c2cedff20999df2af8eb42d56 -> 
  custom:framework-win-MediaFoundation: 216162199b28c13a410421893ffa2e32 -> 
  custom:container-demuxer-ogg: 62fdf1f143b41e24485cea50d1cbac27 -> 
  custom:video-decoder-webm-vp8: 9c59270c3fd7afecdb556c50c9e8de78 -> 
  custom:audio-decoder-ogg-vorbis: bf7c407c2cedff20999df2af8eb42d56 -> 
========================================================================
Received Import Request.
  Time since last request: 216.329924 seconds.
  path: Assets/@clone/Resources/player.prefab
  artifactKey: Guid(8e398470d2c7f4820aed286f664f369c) Importer(815301076,1909f56bfc062723c751e8b465ee728b)
Start importing Assets/@clone/Resources/player.prefab using Guid(8e398470d2c7f4820aed286f664f369c) Importer(815301076,1909f56bfc062723c751e8b465ee728b)  -> (artifact id: 'deeb7d1ba5aa6afd037f6a04ba879e0c') in 0.350969 seconds 
========================================================================
Received Import Request.
  Time since last request: 19.082713 seconds.
  path: Assets/@Scenes/PlayScene.unity
  artifactKey: Guid(9fc0d4010bbf28b4594072e72b8655ab) Importer(815301076,1909f56bfc062723c751e8b465ee728b)
Start importing Assets/@Scenes/PlayScene.unity using Guid(9fc0d4010bbf28b4594072e72b8655ab) Importer(815301076,1909f56bfc062723c751e8b465ee728b)  -> (artifact id: '636c03575f691355458418901d6de097') in 0.007542 seconds 
========================================================================
Received Import Request.
  Time since last request: 57.602245 seconds.
  path: Assets/@clone/Resources/player.prefab
  artifactKey: Guid(8e398470d2c7f4820aed286f664f369c) Importer(815301076,1909f56bfc062723c751e8b465ee728b)
Start importing Assets/@clone/Resources/player.prefab using Guid(8e398470d2c7f4820aed286f664f369c) Importer(815301076,1909f56bfc062723c751e8b465ee728b)  -> (artifact id: 'c23aee30ce24a866f76b1dd40a5f8932') in 0.039330 seconds 
========================================================================
Received Import Request.
  Time since last request: 0.017100 seconds.
  path: Assets/@clone/Resources/Bullet2_.prefab
  artifactKey: Guid(e6f1346723bd247d8925ec9bad056196) Importer(815301076,1909f56bfc062723c751e8b465ee728b)
Start importing Assets/@clone/Resources/Bullet2_.prefab using Guid(e6f1346723bd247d8925ec9bad056196) Importer(815301076,1909f56bfc062723c751e8b465ee728b)  -> (artifact id: 'cef98dc70e45a9108427a7e03d9ec9c6') in 0.071121 seconds 
